TimeQuest Timing Analyzer report for g03_lab3
Wed Nov 01 20:30:39 2017
Quartus II 64-Bit Version 13.0.1 Build 232 06/12/2013 Service Pack 1 SJ Web Edition


---------------------
; Table of Contents ;
---------------------
  1. Legal Notice
  2. TimeQuest Timing Analyzer Summary
  3. Parallel Compilation
  4. Clocks
  5. Slow Model Fmax Summary
  6. Slow Model Setup Summary
  7. Slow Model Hold Summary
  8. Slow Model Recovery Summary
  9. Slow Model Removal Summary
 10. Slow Model Minimum Pulse Width Summary
 11. Slow Model Minimum Pulse Width: 'altera_reserved_tck'
 12. Propagation Delay
 13. Minimum Propagation Delay
 14. Fast Model Setup Summary
 15. Fast Model Hold Summary
 16. Fast Model Recovery Summary
 17. Fast Model Removal Summary
 18. Fast Model Minimum Pulse Width Summary
 19. Fast Model Minimum Pulse Width: 'altera_reserved_tck'
 20. Propagation Delay
 21. Minimum Propagation Delay
 22. Multicorner Timing Analysis Summary
 23. Progagation Delay
 24. Minimum Progagation Delay
 25. Clock Transfers
 26. Report TCCS
 27. Report RSKM
 28. Unconstrained Paths
 29. TimeQuest Timing Analyzer Messages



----------------
; Legal Notice ;
----------------
Copyright (C) 1991-2013 Altera Corporation
Your use of Altera Corporation's design tools, logic functions 
and other software and tools, and its AMPP partner logic 
functions, and any output files from any of the foregoing 
(including device programming or simulation files), and any 
associated documentation or information are expressly subject 
to the terms and conditions of the Altera Program License 
Subscription Agreement, Altera MegaCore Function License 
Agreement, or other applicable license agreement, including, 
without limitation, that your use is for the sole purpose of 
programming logic devices manufactured by Altera and sold by 
Altera or its authorized distributors.  Please refer to the 
applicable agreement for further details.



+----------------------------------------------------------------------------------------+
; TimeQuest Timing Analyzer Summary                                                      ;
+--------------------+-------------------------------------------------------------------+
; Quartus II Version ; Version 13.0.1 Build 232 06/12/2013 Service Pack 1 SJ Web Edition ;
; Revision Name      ; g03_lab3                                                          ;
; Device Family      ; Cyclone II                                                        ;
; Device Name        ; EP2C20F484C7                                                      ;
; Timing Models      ; Final                                                             ;
; Delay Model        ; Combined                                                          ;
; Rise/Fall Delays   ; Unavailable                                                       ;
+--------------------+-------------------------------------------------------------------+


+------------------------------------------+
; Parallel Compilation                     ;
+----------------------------+-------------+
; Processors                 ; Number      ;
+----------------------------+-------------+
; Number detected on machine ; 4           ;
; Maximum allowed            ; 2           ;
;                            ;             ;
; Average used               ; 1.00        ;
; Maximum used               ; 1           ;
;                            ;             ;
; Usage by Processor         ; % Time Used ;
;     Processor 1            ; 100.0%      ;
;     Processors 2-4         ;   0.0%      ;
+----------------------------+-------------+


+-----------------------------------------------------------------------------------------------------------------------------------------------------------------------------------------------------------+
; Clocks                                                                                                                                                                                                    ;
+---------------------+------+---------+-----------+-------+--------+------------+-----------+-------------+-------+--------+-----------+------------+----------+--------+--------+-------------------------+
; Clock Name          ; Type ; Period  ; Frequency ; Rise  ; Fall   ; Duty Cycle ; Divide by ; Multiply by ; Phase ; Offset ; Edge List ; Edge Shift ; Inverted ; Master ; Source ; Targets                 ;
+---------------------+------+---------+-----------+-------+--------+------------+-----------+-------------+-------+--------+-----------+------------+----------+--------+--------+-------------------------+
; altera_reserved_tck ; Base ; 100.000 ; 10.0 MHz  ; 0.000 ; 50.000 ;            ;           ;             ;       ;        ;           ;            ;          ;        ;        ; { altera_reserved_tck } ;
+---------------------+------+---------+-----------+-------+--------+------------+-----------+-------------+-------+--------+-----------+------------+----------+--------+--------+-------------------------+


---------------------------
; Slow Model Fmax Summary ;
---------------------------
No paths to report.


----------------------------
; Slow Model Setup Summary ;
----------------------------
No paths to report.


---------------------------
; Slow Model Hold Summary ;
---------------------------
No paths to report.


-------------------------------
; Slow Model Recovery Summary ;
-------------------------------
No paths to report.


------------------------------
; Slow Model Removal Summary ;
------------------------------
No paths to report.


+----------------------------------------------+
; Slow Model Minimum Pulse Width Summary       ;
+---------------------+--------+---------------+
; Clock               ; Slack  ; End Point TNS ;
+---------------------+--------+---------------+
; altera_reserved_tck ; 97.531 ; 0.000         ;
+---------------------+--------+---------------+


+-------------------------------------------------------------------------------------------------------------+
; Slow Model Minimum Pulse Width: 'altera_reserved_tck'                                                       ;
+--------+--------------+----------------+-----------+---------------------+------------+---------------------+
; Slack  ; Actual Width ; Required Width ; Type      ; Clock               ; Clock Edge ; Target              ;
+--------+--------------+----------------+-----------+---------------------+------------+---------------------+
; 97.531 ; 100.000      ; 2.469          ; Port Rate ; altera_reserved_tck ; Rise       ; altera_reserved_tck ;
+--------+--------------+----------------+-----------+---------------------+------------+---------------------+


+---------------------------------------------------------------------+
; Propagation Delay                                                   ;
+------------+--------------------+--------+--------+--------+--------+
; Input Port ; Output Port        ; RR     ; RF     ; FR     ; FF     ;
+------------+--------------------+--------+--------+--------+--------+
; address[0] ; 7_segment_floor[0] ; 19.373 ; 19.373 ; 19.373 ; 19.373 ;
; address[0] ; 7_segment_floor[1] ; 19.263 ; 19.263 ; 19.263 ; 19.263 ;
; address[0] ; 7_segment_floor[2] ; 19.274 ; 19.274 ; 19.274 ; 19.274 ;
; address[0] ; 7_segment_floor[3] ; 19.170 ; 19.170 ; 19.170 ; 19.170 ;
; address[0] ; 7_segment_floor[4] ; 19.359 ; 19.359 ; 19.359 ; 19.359 ;
; address[0] ; 7_segment_floor[5] ; 19.530 ; 19.530 ; 19.530 ; 19.530 ;
; address[0] ; 7_segment_floor[6] ; 19.200 ; 19.200 ; 19.200 ; 19.200 ;
; address[0] ; 7_segment_mod[0]   ; 23.251 ; 23.251 ; 23.251 ; 23.251 ;
; address[0] ; 7_segment_mod[1]   ; 23.398 ; 23.398 ; 23.398 ; 23.398 ;
; address[0] ; 7_segment_mod[2]   ; 23.321 ; 23.321 ; 23.321 ; 23.321 ;
; address[0] ; 7_segment_mod[3]   ; 23.510 ; 23.510 ; 23.510 ; 23.510 ;
; address[0] ; 7_segment_mod[4]   ; 23.586 ; 23.586 ; 23.586 ; 23.586 ;
; address[0] ; 7_segment_mod[5]   ; 22.945 ; 22.945 ; 22.945 ; 22.945 ;
; address[0] ; 7_segment_mod[6]   ; 23.538 ; 23.538 ; 23.538 ; 23.538 ;
; address[0] ; value[0]           ; 14.163 ; 14.163 ; 14.163 ; 14.163 ;
; address[0] ; value[1]           ; 13.183 ; 13.006 ; 13.006 ; 13.183 ;
; address[0] ; value[2]           ; 15.047 ; 15.047 ; 15.047 ; 15.047 ;
; address[0] ; value[3]           ; 13.730 ; 13.730 ; 13.730 ; 13.730 ;
; address[0] ; value[4]           ; 13.926 ; 13.926 ; 13.926 ; 13.926 ;
; address[0] ; value[5]           ; 13.516 ; 13.516 ; 13.516 ; 13.516 ;
; address[1] ; 7_segment_floor[0] ; 20.496 ; 20.496 ; 20.496 ; 20.496 ;
; address[1] ; 7_segment_floor[1] ; 20.386 ; 20.386 ; 20.386 ; 20.386 ;
; address[1] ; 7_segment_floor[2] ; 20.397 ; 20.397 ; 20.397 ; 20.397 ;
; address[1] ; 7_segment_floor[3] ; 20.293 ; 20.293 ; 20.293 ; 20.293 ;
; address[1] ; 7_segment_floor[4] ; 20.482 ; 20.482 ; 20.482 ; 20.482 ;
; address[1] ; 7_segment_floor[5] ; 20.653 ; 20.653 ; 20.653 ; 20.653 ;
; address[1] ; 7_segment_floor[6] ; 20.323 ; 20.323 ; 20.323 ; 20.323 ;
; address[1] ; 7_segment_mod[0]   ; 24.374 ; 24.374 ; 24.374 ; 24.374 ;
; address[1] ; 7_segment_mod[1]   ; 24.521 ; 24.521 ; 24.521 ; 24.521 ;
; address[1] ; 7_segment_mod[2]   ; 24.444 ; 24.444 ; 24.444 ; 24.444 ;
; address[1] ; 7_segment_mod[3]   ; 24.633 ; 24.633 ; 24.633 ; 24.633 ;
; address[1] ; 7_segment_mod[4]   ; 24.709 ; 24.709 ; 24.709 ; 24.709 ;
; address[1] ; 7_segment_mod[5]   ; 24.068 ; 24.068 ; 24.068 ; 24.068 ;
; address[1] ; 7_segment_mod[6]   ; 24.661 ; 24.661 ; 24.661 ; 24.661 ;
; address[1] ; value[0]           ; 15.286 ; 15.286 ; 15.286 ; 15.286 ;
; address[1] ; value[1]           ; 13.593 ; 13.593 ; 13.593 ; 13.593 ;
; address[1] ; value[2]           ; 15.025 ; 15.025 ; 15.025 ; 15.025 ;
; address[1] ; value[3]           ; 14.367 ; 14.367 ; 14.367 ; 14.367 ;
; address[1] ; value[4]           ; 14.241 ; 14.241 ; 14.241 ; 14.241 ;
; address[1] ; value[5]           ; 14.476 ; 14.476 ; 14.476 ; 14.476 ;
; address[2] ; 7_segment_floor[0] ; 18.468 ; 18.468 ; 18.468 ; 18.468 ;
; address[2] ; 7_segment_floor[1] ; 18.358 ; 18.358 ; 18.358 ; 18.358 ;
; address[2] ; 7_segment_floor[2] ; 18.369 ; 18.369 ; 18.369 ; 18.369 ;
; address[2] ; 7_segment_floor[3] ; 18.265 ; 18.265 ; 18.265 ; 18.265 ;
; address[2] ; 7_segment_floor[4] ; 18.454 ; 18.454 ; 18.454 ; 18.454 ;
; address[2] ; 7_segment_floor[5] ; 18.625 ; 18.625 ; 18.625 ; 18.625 ;
; address[2] ; 7_segment_floor[6] ; 18.295 ; 18.295 ; 18.295 ; 18.295 ;
; address[2] ; 7_segment_mod[0]   ; 22.346 ; 22.346 ; 22.346 ; 22.346 ;
; address[2] ; 7_segment_mod[1]   ; 22.493 ; 22.493 ; 22.493 ; 22.493 ;
; address[2] ; 7_segment_mod[2]   ; 22.416 ; 22.416 ; 22.416 ; 22.416 ;
; address[2] ; 7_segment_mod[3]   ; 22.605 ; 22.605 ; 22.605 ; 22.605 ;
; address[2] ; 7_segment_mod[4]   ; 22.681 ; 22.681 ; 22.681 ; 22.681 ;
; address[2] ; 7_segment_mod[5]   ; 22.040 ; 22.040 ; 22.040 ; 22.040 ;
; address[2] ; 7_segment_mod[6]   ; 22.633 ; 22.633 ; 22.633 ; 22.633 ;
; address[2] ; value[0]           ; 13.258 ; 13.258 ; 13.258 ; 13.258 ;
; address[2] ; value[1]           ; 11.769 ; 11.660 ; 11.660 ; 11.769 ;
; address[2] ; value[2]           ; 13.986 ; 13.986 ; 13.986 ; 13.986 ;
; address[2] ; value[3]           ; 11.952 ; 11.800 ; 11.800 ; 11.952 ;
; address[2] ; value[4]           ; 12.569 ; 12.569 ; 12.569 ; 12.569 ;
; address[2] ; value[5]           ; 11.986 ; 11.394 ; 11.394 ; 11.986 ;
; address[3] ; 7_segment_floor[0] ; 15.950 ; 15.950 ; 15.950 ; 15.950 ;
; address[3] ; 7_segment_floor[1] ; 15.840 ; 15.840 ; 15.840 ; 15.840 ;
; address[3] ; 7_segment_floor[2] ; 15.851 ; 15.851 ; 15.851 ; 15.851 ;
; address[3] ; 7_segment_floor[3] ; 15.747 ; 15.747 ; 15.747 ; 15.747 ;
; address[3] ; 7_segment_floor[4] ; 15.936 ; 15.936 ; 15.936 ; 15.936 ;
; address[3] ; 7_segment_floor[5] ; 16.107 ; 16.107 ; 16.107 ; 16.107 ;
; address[3] ; 7_segment_floor[6] ; 15.777 ; 15.777 ; 15.777 ; 15.777 ;
; address[3] ; 7_segment_mod[0]   ; 19.828 ; 19.828 ; 19.828 ; 19.828 ;
; address[3] ; 7_segment_mod[1]   ; 19.975 ; 19.975 ; 19.975 ; 19.975 ;
; address[3] ; 7_segment_mod[2]   ; 19.898 ; 19.898 ; 19.898 ; 19.898 ;
; address[3] ; 7_segment_mod[3]   ; 20.087 ; 20.087 ; 20.087 ; 20.087 ;
; address[3] ; 7_segment_mod[4]   ; 20.163 ; 20.163 ; 20.163 ; 20.163 ;
; address[3] ; 7_segment_mod[5]   ; 19.522 ; 19.522 ; 19.522 ; 19.522 ;
; address[3] ; 7_segment_mod[6]   ; 20.115 ; 20.115 ; 20.115 ; 20.115 ;
; address[3] ; value[0]           ; 10.740 ; 10.740 ; 10.740 ; 10.740 ;
; address[3] ; value[1]           ; 10.750 ; 10.753 ; 10.753 ; 10.750 ;
; address[3] ; value[2]           ; 12.065 ; 12.065 ; 12.065 ; 12.065 ;
; address[3] ; value[3]           ; 10.890 ; 10.890 ; 10.890 ; 10.890 ;
; address[3] ; value[4]           ; 11.659 ; 11.659 ; 11.659 ; 11.659 ;
; address[3] ; value[5]           ; 9.577  ; 9.577  ; 9.577  ; 9.577  ;
; address[4] ; 7_segment_floor[0] ; 16.373 ; 16.373 ; 16.373 ; 16.373 ;
; address[4] ; 7_segment_floor[1] ; 14.754 ; 16.263 ; 16.263 ; 14.754 ;
; address[4] ; 7_segment_floor[2] ; 16.274 ; 16.274 ; 16.274 ; 16.274 ;
; address[4] ; 7_segment_floor[3] ; 16.170 ; 16.170 ; 16.170 ; 16.170 ;
; address[4] ; 7_segment_floor[4] ; 16.359 ; 16.359 ; 16.359 ; 16.359 ;
; address[4] ; 7_segment_floor[5] ; 16.530 ; 16.530 ; 16.530 ; 16.530 ;
; address[4] ; 7_segment_floor[6] ; 16.200 ; 14.691 ; 14.691 ; 16.200 ;
; address[4] ; 7_segment_mod[0]   ; 20.251 ; 20.251 ; 20.251 ; 20.251 ;
; address[4] ; 7_segment_mod[1]   ; 20.398 ; 20.398 ; 20.398 ; 20.398 ;
; address[4] ; 7_segment_mod[2]   ; 20.321 ; 20.321 ; 20.321 ; 20.321 ;
; address[4] ; 7_segment_mod[3]   ; 20.510 ; 20.510 ; 20.510 ; 20.510 ;
; address[4] ; 7_segment_mod[4]   ; 20.586 ; 20.586 ; 20.586 ; 20.586 ;
; address[4] ; 7_segment_mod[5]   ; 19.945 ; 19.945 ; 19.945 ; 19.945 ;
; address[4] ; 7_segment_mod[6]   ; 20.538 ; 20.538 ; 20.538 ; 20.538 ;
; address[4] ; value[0]           ; 9.654  ; 11.163 ; 11.163 ; 9.654  ;
; address[4] ; value[1]           ; 9.665  ; 9.769  ; 9.769  ; 9.665  ;
; address[4] ; value[2]           ; 11.365 ; 11.365 ; 11.365 ; 11.365 ;
; address[4] ; value[3]           ; 9.908  ; 9.908  ; 9.908  ; 9.908  ;
; address[4] ; value[4]           ; 10.678 ; 10.678 ; 10.678 ; 10.678 ;
; address[4] ; value[5]           ; 9.044  ; 10.187 ; 10.187 ; 9.044  ;
; address[5] ; 7_segment_floor[0] ; 17.197 ; 17.197 ; 17.197 ; 17.197 ;
; address[5] ; 7_segment_floor[1] ; 15.755 ; 17.087 ; 17.087 ; 15.755 ;
; address[5] ; 7_segment_floor[2] ; 17.098 ; 17.098 ; 17.098 ; 17.098 ;
; address[5] ; 7_segment_floor[3] ; 16.994 ; 16.994 ; 16.994 ; 16.994 ;
; address[5] ; 7_segment_floor[4] ; 17.183 ; 17.183 ; 17.183 ; 17.183 ;
; address[5] ; 7_segment_floor[5] ; 17.354 ; 17.354 ; 17.354 ; 17.354 ;
; address[5] ; 7_segment_floor[6] ; 17.024 ; 15.692 ; 15.692 ; 17.024 ;
; address[5] ; 7_segment_mod[0]   ; 21.075 ; 21.075 ; 21.075 ; 21.075 ;
; address[5] ; 7_segment_mod[1]   ; 21.222 ; 21.222 ; 21.222 ; 21.222 ;
; address[5] ; 7_segment_mod[2]   ; 21.145 ; 21.145 ; 21.145 ; 21.145 ;
; address[5] ; 7_segment_mod[3]   ; 21.334 ; 21.334 ; 21.334 ; 21.334 ;
; address[5] ; 7_segment_mod[4]   ; 21.410 ; 21.410 ; 21.410 ; 21.410 ;
; address[5] ; 7_segment_mod[5]   ; 20.769 ; 20.769 ; 20.769 ; 20.769 ;
; address[5] ; 7_segment_mod[6]   ; 21.362 ; 21.362 ; 21.362 ; 21.362 ;
; address[5] ; value[0]           ; 10.655 ; 11.987 ; 11.987 ; 10.655 ;
; address[5] ; value[1]           ; 11.021 ; 11.021 ; 11.021 ; 11.021 ;
; address[5] ; value[2]           ; 12.428 ; 12.428 ; 12.428 ; 12.428 ;
; address[5] ; value[3]           ; 10.434 ; 10.434 ; 10.434 ; 10.434 ;
; address[5] ; value[4]           ; 11.550 ; 11.550 ; 11.550 ; 11.550 ;
; address[5] ; value[5]           ; 9.337  ; 11.011 ; 11.011 ; 9.337  ;
; mode_floor ; 7_segment_floor[0] ; 8.221  ; 8.221  ; 8.221  ; 8.221  ;
; mode_floor ; 7_segment_floor[1] ; 8.110  ;        ;        ; 8.110  ;
; mode_floor ; 7_segment_floor[2] ; 8.124  ; 8.124  ; 8.124  ; 8.124  ;
; mode_floor ; 7_segment_floor[3] ; 8.016  ; 8.016  ; 8.016  ; 8.016  ;
; mode_floor ; 7_segment_floor[4] ; 8.206  ; 8.206  ; 8.206  ; 8.206  ;
; mode_floor ; 7_segment_floor[5] ;        ; 8.377  ; 8.377  ;        ;
; mode_floor ; 7_segment_floor[6] ;        ; 8.047  ; 8.047  ;        ;
; mode_mod   ; 7_segment_mod[0]   ; 8.532  ; 8.175  ; 8.175  ; 8.532  ;
; mode_mod   ; 7_segment_mod[1]   ; 8.576  ; 8.576  ; 8.576  ; 8.576  ;
; mode_mod   ; 7_segment_mod[2]   ; 8.598  ; 8.598  ; 8.598  ; 8.598  ;
; mode_mod   ; 7_segment_mod[3]   ; 8.797  ; 8.797  ; 8.797  ; 8.797  ;
; mode_mod   ; 7_segment_mod[4]   ; 8.864  ; 8.864  ; 8.864  ; 8.864  ;
; mode_mod   ; 7_segment_mod[5]   ; 8.227  ; 8.227  ; 8.227  ; 8.227  ;
; mode_mod   ; 7_segment_mod[6]   ; 8.819  ; 8.819  ; 8.819  ; 8.819  ;
+------------+--------------------+--------+--------+--------+--------+


+---------------------------------------------------------------------+
; Minimum Propagation Delay                                           ;
+------------+--------------------+--------+--------+--------+--------+
; Input Port ; Output Port        ; RR     ; RF     ; FR     ; FF     ;
+------------+--------------------+--------+--------+--------+--------+
; address[0] ; 7_segment_floor[0] ; 11.734 ; 11.734 ; 11.734 ; 11.734 ;
; address[0] ; 7_segment_floor[1] ; 11.593 ; 11.593 ; 11.593 ; 11.593 ;
; address[0] ; 7_segment_floor[2] ; 11.626 ; 11.626 ; 11.626 ; 11.626 ;
; address[0] ; 7_segment_floor[3] ; 11.530 ; 11.530 ; 11.530 ; 11.530 ;
; address[0] ; 7_segment_floor[4] ; 11.719 ; 11.719 ; 11.719 ; 11.719 ;
; address[0] ; 7_segment_floor[5] ; 11.890 ; 11.890 ; 11.890 ; 11.890 ;
; address[0] ; 7_segment_floor[6] ; 11.555 ; 11.555 ; 11.555 ; 11.555 ;
; address[0] ; 7_segment_mod[0]   ; 12.708 ; 12.708 ; 12.708 ; 12.708 ;
; address[0] ; 7_segment_mod[1]   ; 12.004 ; 12.004 ; 12.004 ; 12.004 ;
; address[0] ; 7_segment_mod[2]   ; 12.847 ; 12.847 ; 12.847 ; 12.847 ;
; address[0] ; 7_segment_mod[3]   ; 12.962 ; 12.962 ; 12.962 ; 12.962 ;
; address[0] ; 7_segment_mod[4]   ; 12.991 ; 12.991 ; 12.991 ; 12.991 ;
; address[0] ; 7_segment_mod[5]   ; 12.025 ; 12.025 ; 12.025 ; 12.025 ;
; address[0] ; 7_segment_mod[6]   ; 13.103 ; 13.103 ; 13.103 ; 13.103 ;
; address[0] ; value[0]           ; 11.717 ; 11.717 ; 11.717 ; 11.717 ;
; address[0] ; value[1]           ; 11.540 ; 11.540 ; 11.540 ; 11.540 ;
; address[0] ; value[2]           ; 11.469 ; 11.469 ; 11.469 ; 11.469 ;
; address[0] ; value[3]           ; 10.785 ; 10.080 ; 10.080 ; 10.785 ;
; address[0] ; value[4]           ; 10.111 ; 10.111 ; 10.111 ; 10.111 ;
; address[0] ; value[5]           ; 11.791 ; 11.791 ; 11.791 ; 11.791 ;
; address[1] ; 7_segment_floor[0] ; 12.559 ; 12.559 ; 12.559 ; 12.559 ;
; address[1] ; 7_segment_floor[1] ; 12.449 ; 12.628 ; 12.628 ; 12.449 ;
; address[1] ; 7_segment_floor[2] ; 12.460 ; 12.460 ; 12.460 ; 12.460 ;
; address[1] ; 7_segment_floor[3] ; 12.356 ; 12.356 ; 12.356 ; 12.356 ;
; address[1] ; 7_segment_floor[4] ; 12.545 ; 12.545 ; 12.545 ; 12.545 ;
; address[1] ; 7_segment_floor[5] ; 12.716 ; 12.716 ; 12.716 ; 12.716 ;
; address[1] ; 7_segment_floor[6] ; 12.590 ; 12.386 ; 12.386 ; 12.590 ;
; address[1] ; 7_segment_mod[0]   ; 13.261 ; 13.261 ; 13.261 ; 13.261 ;
; address[1] ; 7_segment_mod[1]   ; 12.815 ; 12.815 ; 12.815 ; 12.815 ;
; address[1] ; 7_segment_mod[2]   ; 13.149 ; 13.149 ; 13.149 ; 13.149 ;
; address[1] ; 7_segment_mod[3]   ; 13.370 ; 13.370 ; 13.370 ; 13.370 ;
; address[1] ; 7_segment_mod[4]   ; 13.399 ; 13.399 ; 13.399 ; 13.399 ;
; address[1] ; 7_segment_mod[5]   ; 13.060 ; 13.060 ; 13.060 ; 13.060 ;
; address[1] ; 7_segment_mod[6]   ; 13.511 ; 13.511 ; 13.511 ; 13.511 ;
; address[1] ; value[0]           ; 11.794 ; 11.794 ; 11.794 ; 11.794 ;
; address[1] ; value[1]           ; 12.102 ; 12.102 ; 12.102 ; 12.102 ;
; address[1] ; value[2]           ; 11.576 ; 11.728 ; 11.728 ; 11.576 ;
; address[1] ; value[3]           ; 11.416 ; 11.416 ; 11.416 ; 11.416 ;
; address[1] ; value[4]           ; 11.146 ; 11.146 ; 11.146 ; 11.146 ;
; address[1] ; value[5]           ; 12.263 ; 12.263 ; 12.263 ; 12.263 ;
; address[2] ; 7_segment_floor[0] ; 10.716 ; 10.716 ; 10.716 ; 10.716 ;
; address[2] ; 7_segment_floor[1] ; 10.833 ; 10.606 ; 10.606 ; 10.833 ;
; address[2] ; 7_segment_floor[2] ; 10.617 ; 10.617 ; 10.617 ; 10.617 ;
; address[2] ; 7_segment_floor[3] ; 10.513 ; 10.513 ; 10.513 ; 10.513 ;
; address[2] ; 7_segment_floor[4] ; 10.702 ; 10.702 ; 10.702 ; 10.702 ;
; address[2] ; 7_segment_floor[5] ; 10.873 ; 10.873 ; 10.873 ; 10.873 ;
; address[2] ; 7_segment_floor[6] ; 10.543 ; 10.795 ; 10.795 ; 10.543 ;
; address[2] ; 7_segment_mod[0]   ; 11.217 ; 11.217 ; 11.217 ; 11.217 ;
; address[2] ; 7_segment_mod[1]   ; 10.771 ; 10.771 ; 10.771 ; 10.771 ;
; address[2] ; 7_segment_mod[2]   ; 11.105 ; 11.105 ; 11.105 ; 11.105 ;
; address[2] ; 7_segment_mod[3]   ; 11.326 ; 11.326 ; 11.326 ; 11.326 ;
; address[2] ; 7_segment_mod[4]   ; 11.355 ; 11.355 ; 11.355 ; 11.355 ;
; address[2] ; 7_segment_mod[5]   ; 11.262 ; 11.262 ; 11.262 ; 11.262 ;
; address[2] ; 7_segment_mod[6]   ; 11.467 ; 11.467 ; 11.467 ; 11.467 ;
; address[2] ; value[0]           ; 8.973  ; 8.367  ; 8.367  ; 8.973  ;
; address[2] ; value[1]           ; 10.433 ; 10.250 ; 10.250 ; 10.433 ;
; address[2] ; value[2]           ; 9.657  ; 9.532  ; 9.532  ; 9.657  ;
; address[2] ; value[3]           ; 10.350 ; 8.993  ; 8.993  ; 10.350 ;
; address[2] ; value[4]           ; 9.351  ; 9.500  ; 9.500  ; 9.351  ;
; address[2] ; value[5]           ; 10.740 ; 10.194 ; 10.194 ; 10.740 ;
; address[3] ; 7_segment_floor[0] ; 9.900  ; 9.900  ; 9.900  ; 9.900  ;
; address[3] ; 7_segment_floor[1] ; 9.899  ; 9.790  ; 9.790  ; 9.899  ;
; address[3] ; 7_segment_floor[2] ; 9.801  ; 9.801  ; 9.801  ; 9.801  ;
; address[3] ; 7_segment_floor[3] ; 9.697  ; 9.697  ; 9.697  ; 9.697  ;
; address[3] ; 7_segment_floor[4] ; 9.886  ; 9.886  ; 9.886  ; 9.886  ;
; address[3] ; 7_segment_floor[5] ; 10.057 ; 10.057 ; 10.057 ; 10.057 ;
; address[3] ; 7_segment_floor[6] ; 9.727  ; 9.836  ; 9.836  ; 9.727  ;
; address[3] ; 7_segment_mod[0]   ; 10.640 ; 10.640 ; 10.640 ; 10.640 ;
; address[3] ; 7_segment_mod[1]   ; 10.194 ; 10.194 ; 10.194 ; 10.194 ;
; address[3] ; 7_segment_mod[2]   ; 10.528 ; 10.528 ; 10.528 ; 10.528 ;
; address[3] ; 7_segment_mod[3]   ; 10.749 ; 10.749 ; 10.749 ; 10.749 ;
; address[3] ; 7_segment_mod[4]   ; 10.778 ; 10.778 ; 10.778 ; 10.778 ;
; address[3] ; 7_segment_mod[5]   ; 10.377 ; 10.377 ; 10.377 ; 10.377 ;
; address[3] ; 7_segment_mod[6]   ; 10.890 ; 10.890 ; 10.890 ; 10.890 ;
; address[3] ; value[0]           ; 8.405  ; 8.065  ; 8.065  ; 8.405  ;
; address[3] ; value[1]           ; 8.381  ; 9.449  ; 9.449  ; 8.381  ;
; address[3] ; value[2]           ; 8.955  ; 9.097  ; 9.097  ; 8.955  ;
; address[3] ; value[3]           ; 8.292  ; 8.177  ; 8.177  ; 8.292  ;
; address[3] ; value[4]           ; 8.463  ; 9.726  ; 9.726  ; 8.463  ;
; address[3] ; value[5]           ; 8.413  ; 8.562  ; 8.562  ; 8.413  ;
; address[4] ; 7_segment_floor[0] ; 9.677  ; 9.677  ; 9.677  ; 9.677  ;
; address[4] ; 7_segment_floor[1] ; 10.232 ; 9.536  ; 9.536  ; 10.232 ;
; address[4] ; 7_segment_floor[2] ; 9.569  ; 9.569  ; 9.569  ; 9.569  ;
; address[4] ; 7_segment_floor[3] ; 9.473  ; 9.473  ; 9.473  ; 9.473  ;
; address[4] ; 7_segment_floor[4] ; 9.662  ; 9.662  ; 9.662  ; 9.662  ;
; address[4] ; 7_segment_floor[5] ; 9.833  ; 9.833  ; 9.833  ; 9.833  ;
; address[4] ; 7_segment_floor[6] ; 9.498  ; 10.169 ; 10.169 ; 9.498  ;
; address[4] ; 7_segment_mod[0]   ; 10.651 ; 10.651 ; 10.651 ; 10.651 ;
; address[4] ; 7_segment_mod[1]   ; 9.947  ; 9.947  ; 9.947  ; 9.947  ;
; address[4] ; 7_segment_mod[2]   ; 10.599 ; 10.599 ; 10.599 ; 10.599 ;
; address[4] ; 7_segment_mod[3]   ; 10.820 ; 10.820 ; 10.820 ; 10.820 ;
; address[4] ; 7_segment_mod[4]   ; 10.849 ; 10.849 ; 10.849 ; 10.849 ;
; address[4] ; 7_segment_mod[5]   ; 9.968  ; 9.968  ; 9.968  ; 9.968  ;
; address[4] ; 7_segment_mod[6]   ; 10.961 ; 10.961 ; 10.961 ; 10.961 ;
; address[4] ; value[0]           ; 8.220  ; 8.270  ; 8.270  ; 8.220  ;
; address[4] ; value[1]           ; 8.857  ; 9.229  ; 9.229  ; 8.857  ;
; address[4] ; value[2]           ; 9.026  ; 9.367  ; 9.367  ; 9.026  ;
; address[4] ; value[3]           ; 8.799  ; 8.463  ; 8.463  ; 8.799  ;
; address[4] ; value[4]           ; 9.166  ; 8.054  ; 8.054  ; 9.166  ;
; address[4] ; value[5]           ; 8.610  ; 8.793  ; 8.793  ; 8.610  ;
; address[5] ; 7_segment_floor[0] ; 10.419 ; 10.419 ; 10.419 ; 10.419 ;
; address[5] ; 7_segment_floor[1] ; 11.099 ; 10.278 ; 10.278 ; 11.099 ;
; address[5] ; 7_segment_floor[2] ; 10.311 ; 10.311 ; 10.311 ; 10.311 ;
; address[5] ; 7_segment_floor[3] ; 10.215 ; 10.215 ; 10.215 ; 10.215 ;
; address[5] ; 7_segment_floor[4] ; 10.404 ; 10.404 ; 10.404 ; 10.404 ;
; address[5] ; 7_segment_floor[5] ; 10.575 ; 10.575 ; 10.575 ; 10.575 ;
; address[5] ; 7_segment_floor[6] ; 10.240 ; 10.980 ; 10.980 ; 10.240 ;
; address[5] ; 7_segment_mod[0]   ; 11.393 ; 11.393 ; 11.393 ; 11.393 ;
; address[5] ; 7_segment_mod[1]   ; 10.689 ; 10.689 ; 10.689 ; 10.689 ;
; address[5] ; 7_segment_mod[2]   ; 11.532 ; 11.532 ; 11.532 ; 11.532 ;
; address[5] ; 7_segment_mod[3]   ; 11.647 ; 11.647 ; 11.647 ; 11.647 ;
; address[5] ; 7_segment_mod[4]   ; 11.676 ; 11.676 ; 11.676 ; 11.676 ;
; address[5] ; 7_segment_mod[5]   ; 10.710 ; 10.710 ; 10.710 ; 10.710 ;
; address[5] ; 7_segment_mod[6]   ; 11.788 ; 11.788 ; 11.788 ; 11.788 ;
; address[5] ; value[0]           ; 9.839  ; 9.839  ; 9.839  ; 9.839  ;
; address[5] ; value[1]           ; 9.754  ; 9.754  ; 9.754  ; 9.754  ;
; address[5] ; value[2]           ; 11.161 ; 11.161 ; 11.161 ; 11.161 ;
; address[5] ; value[3]           ; 10.285 ; 10.102 ; 10.102 ; 10.285 ;
; address[5] ; value[4]           ; 11.152 ; 8.796  ; 8.796  ; 11.152 ;
; address[5] ; value[5]           ; 9.337  ; 9.337  ; 9.337  ; 9.337  ;
; mode_floor ; 7_segment_floor[0] ; 8.221  ; 8.221  ; 8.221  ; 8.221  ;
; mode_floor ; 7_segment_floor[1] ; 8.110  ;        ;        ; 8.110  ;
; mode_floor ; 7_segment_floor[2] ; 8.124  ; 8.124  ; 8.124  ; 8.124  ;
; mode_floor ; 7_segment_floor[3] ; 8.016  ; 8.016  ; 8.016  ; 8.016  ;
; mode_floor ; 7_segment_floor[4] ; 8.206  ; 8.206  ; 8.206  ; 8.206  ;
; mode_floor ; 7_segment_floor[5] ;        ; 8.377  ; 8.377  ;        ;
; mode_floor ; 7_segment_floor[6] ;        ; 8.047  ; 8.047  ;        ;
; mode_mod   ; 7_segment_mod[0]   ; 8.175  ; 8.175  ; 8.175  ; 8.175  ;
; mode_mod   ; 7_segment_mod[1]   ; 8.576  ; 8.576  ; 8.576  ; 8.576  ;
; mode_mod   ; 7_segment_mod[2]   ; 8.598  ; 8.598  ; 8.598  ; 8.598  ;
; mode_mod   ; 7_segment_mod[3]   ; 8.781  ; 8.781  ; 8.781  ; 8.781  ;
; mode_mod   ; 7_segment_mod[4]   ; 8.821  ; 8.821  ; 8.821  ; 8.821  ;
; mode_mod   ; 7_segment_mod[5]   ; 7.753  ; 8.227  ; 8.227  ; 7.753  ;
; mode_mod   ; 7_segment_mod[6]   ; 8.614  ; 8.614  ; 8.614  ; 8.614  ;
+------------+--------------------+--------+--------+--------+--------+


----------------------------
; Fast Model Setup Summary ;
----------------------------
No paths to report.


---------------------------
; Fast Model Hold Summary ;
---------------------------
No paths to report.


-------------------------------
; Fast Model Recovery Summary ;
-------------------------------
No paths to report.


------------------------------
; Fast Model Removal Summary ;
------------------------------
No paths to report.


+----------------------------------------------+
; Fast Model Minimum Pulse Width Summary       ;
+---------------------+--------+---------------+
; Clock               ; Slack  ; End Point TNS ;
+---------------------+--------+---------------+
; altera_reserved_tck ; 97.778 ; 0.000         ;
+---------------------+--------+---------------+


+-------------------------------------------------------------------------------------------------------------+
; Fast Model Minimum Pulse Width: 'altera_reserved_tck'                                                       ;
+--------+--------------+----------------+-----------+---------------------+------------+---------------------+
; Slack  ; Actual Width ; Required Width ; Type      ; Clock               ; Clock Edge ; Target              ;
+--------+--------------+----------------+-----------+---------------------+------------+---------------------+
; 97.778 ; 100.000      ; 2.222          ; Port Rate ; altera_reserved_tck ; Rise       ; altera_reserved_tck ;
+--------+--------------+----------------+-----------+---------------------+------------+---------------------+


+-----------------------------------------------------------------+
; Propagation Delay                                               ;
+------------+--------------------+-------+-------+-------+-------+
; Input Port ; Output Port        ; RR    ; RF    ; FR    ; FF    ;
+------------+--------------------+-------+-------+-------+-------+
; address[0] ; 7_segment_floor[0] ; 7.916 ; 7.916 ; 7.916 ; 7.916 ;
; address[0] ; 7_segment_floor[1] ; 7.841 ; 7.841 ; 7.841 ; 7.841 ;
; address[0] ; 7_segment_floor[2] ; 7.840 ; 7.840 ; 7.840 ; 7.840 ;
; address[0] ; 7_segment_floor[3] ; 7.829 ; 7.829 ; 7.829 ; 7.829 ;
; address[0] ; 7_segment_floor[4] ; 7.902 ; 7.902 ; 7.902 ; 7.902 ;
; address[0] ; 7_segment_floor[5] ; 7.986 ; 7.986 ; 7.986 ; 7.986 ;
; address[0] ; 7_segment_floor[6] ; 7.859 ; 7.859 ; 7.859 ; 7.859 ;
; address[0] ; 7_segment_mod[0]   ; 9.242 ; 9.242 ; 9.242 ; 9.242 ;
; address[0] ; 7_segment_mod[1]   ; 9.312 ; 9.312 ; 9.312 ; 9.312 ;
; address[0] ; 7_segment_mod[2]   ; 9.291 ; 9.291 ; 9.291 ; 9.291 ;
; address[0] ; 7_segment_mod[3]   ; 9.360 ; 9.360 ; 9.360 ; 9.360 ;
; address[0] ; 7_segment_mod[4]   ; 9.391 ; 9.391 ; 9.391 ; 9.391 ;
; address[0] ; 7_segment_mod[5]   ; 9.165 ; 9.165 ; 9.165 ; 9.165 ;
; address[0] ; 7_segment_mod[6]   ; 9.365 ; 9.365 ; 9.365 ; 9.365 ;
; address[0] ; value[0]           ; 6.054 ; 6.054 ; 6.054 ; 6.054 ;
; address[0] ; value[1]           ; 5.672 ; 5.604 ; 5.604 ; 5.672 ;
; address[0] ; value[2]           ; 6.394 ; 6.394 ; 6.394 ; 6.394 ;
; address[0] ; value[3]           ; 5.850 ; 5.850 ; 5.850 ; 5.850 ;
; address[0] ; value[4]           ; 5.900 ; 5.900 ; 5.900 ; 5.900 ;
; address[0] ; value[5]           ; 5.682 ; 5.682 ; 5.682 ; 5.682 ;
; address[1] ; 7_segment_floor[0] ; 8.338 ; 8.338 ; 8.338 ; 8.338 ;
; address[1] ; 7_segment_floor[1] ; 8.263 ; 8.263 ; 8.263 ; 8.263 ;
; address[1] ; 7_segment_floor[2] ; 8.262 ; 8.262 ; 8.262 ; 8.262 ;
; address[1] ; 7_segment_floor[3] ; 8.251 ; 8.251 ; 8.251 ; 8.251 ;
; address[1] ; 7_segment_floor[4] ; 8.324 ; 8.324 ; 8.324 ; 8.324 ;
; address[1] ; 7_segment_floor[5] ; 8.408 ; 8.408 ; 8.408 ; 8.408 ;
; address[1] ; 7_segment_floor[6] ; 8.281 ; 8.281 ; 8.281 ; 8.281 ;
; address[1] ; 7_segment_mod[0]   ; 9.664 ; 9.664 ; 9.664 ; 9.664 ;
; address[1] ; 7_segment_mod[1]   ; 9.734 ; 9.734 ; 9.734 ; 9.734 ;
; address[1] ; 7_segment_mod[2]   ; 9.713 ; 9.713 ; 9.713 ; 9.713 ;
; address[1] ; 7_segment_mod[3]   ; 9.782 ; 9.782 ; 9.782 ; 9.782 ;
; address[1] ; 7_segment_mod[4]   ; 9.813 ; 9.813 ; 9.813 ; 9.813 ;
; address[1] ; 7_segment_mod[5]   ; 9.587 ; 9.587 ; 9.587 ; 9.587 ;
; address[1] ; 7_segment_mod[6]   ; 9.787 ; 9.787 ; 9.787 ; 9.787 ;
; address[1] ; value[0]           ; 6.476 ; 6.476 ; 6.476 ; 6.476 ;
; address[1] ; value[1]           ; 5.801 ; 5.801 ; 5.801 ; 5.801 ;
; address[1] ; value[2]           ; 6.384 ; 6.384 ; 6.384 ; 6.384 ;
; address[1] ; value[3]           ; 6.070 ; 6.070 ; 6.070 ; 6.070 ;
; address[1] ; value[4]           ; 6.051 ; 6.051 ; 6.051 ; 6.051 ;
; address[1] ; value[5]           ; 6.050 ; 6.050 ; 6.050 ; 6.050 ;
; address[2] ; 7_segment_floor[0] ; 7.555 ; 7.555 ; 7.555 ; 7.555 ;
; address[2] ; 7_segment_floor[1] ; 7.480 ; 7.480 ; 7.480 ; 7.480 ;
; address[2] ; 7_segment_floor[2] ; 7.479 ; 7.479 ; 7.479 ; 7.479 ;
; address[2] ; 7_segment_floor[3] ; 7.468 ; 7.468 ; 7.468 ; 7.468 ;
; address[2] ; 7_segment_floor[4] ; 7.541 ; 7.541 ; 7.541 ; 7.541 ;
; address[2] ; 7_segment_floor[5] ; 7.625 ; 7.625 ; 7.625 ; 7.625 ;
; address[2] ; 7_segment_floor[6] ; 7.498 ; 7.498 ; 7.498 ; 7.498 ;
; address[2] ; 7_segment_mod[0]   ; 8.881 ; 8.881 ; 8.881 ; 8.881 ;
; address[2] ; 7_segment_mod[1]   ; 8.951 ; 8.951 ; 8.951 ; 8.951 ;
; address[2] ; 7_segment_mod[2]   ; 8.930 ; 8.930 ; 8.930 ; 8.930 ;
; address[2] ; 7_segment_mod[3]   ; 8.999 ; 8.999 ; 8.999 ; 8.999 ;
; address[2] ; 7_segment_mod[4]   ; 9.030 ; 9.030 ; 9.030 ; 9.030 ;
; address[2] ; 7_segment_mod[5]   ; 8.804 ; 8.804 ; 8.804 ; 8.804 ;
; address[2] ; 7_segment_mod[6]   ; 9.004 ; 9.004 ; 9.004 ; 9.004 ;
; address[2] ; value[0]           ; 5.693 ; 5.693 ; 5.693 ; 5.693 ;
; address[2] ; value[1]           ; 5.093 ; 5.068 ; 5.068 ; 5.093 ;
; address[2] ; value[2]           ; 5.981 ; 5.981 ; 5.981 ; 5.981 ;
; address[2] ; value[3]           ; 5.188 ; 5.117 ; 5.117 ; 5.188 ;
; address[2] ; value[4]           ; 5.414 ; 5.414 ; 5.414 ; 5.414 ;
; address[2] ; value[5]           ; 5.132 ; 4.906 ; 4.906 ; 5.132 ;
; address[3] ; 7_segment_floor[0] ; 6.559 ; 6.559 ; 6.559 ; 6.559 ;
; address[3] ; 7_segment_floor[1] ; 6.484 ; 6.484 ; 6.484 ; 6.484 ;
; address[3] ; 7_segment_floor[2] ; 6.483 ; 6.483 ; 6.483 ; 6.483 ;
; address[3] ; 7_segment_floor[3] ; 6.472 ; 6.472 ; 6.472 ; 6.472 ;
; address[3] ; 7_segment_floor[4] ; 6.545 ; 6.545 ; 6.545 ; 6.545 ;
; address[3] ; 7_segment_floor[5] ; 6.629 ; 6.629 ; 6.629 ; 6.629 ;
; address[3] ; 7_segment_floor[6] ; 6.502 ; 6.502 ; 6.502 ; 6.502 ;
; address[3] ; 7_segment_mod[0]   ; 7.885 ; 7.885 ; 7.885 ; 7.885 ;
; address[3] ; 7_segment_mod[1]   ; 7.955 ; 7.955 ; 7.955 ; 7.955 ;
; address[3] ; 7_segment_mod[2]   ; 7.934 ; 7.934 ; 7.934 ; 7.934 ;
; address[3] ; 7_segment_mod[3]   ; 8.003 ; 8.003 ; 8.003 ; 8.003 ;
; address[3] ; 7_segment_mod[4]   ; 8.034 ; 8.034 ; 8.034 ; 8.034 ;
; address[3] ; 7_segment_mod[5]   ; 7.808 ; 7.808 ; 7.808 ; 7.808 ;
; address[3] ; 7_segment_mod[6]   ; 8.008 ; 8.008 ; 8.008 ; 8.008 ;
; address[3] ; value[0]           ; 4.697 ; 4.697 ; 4.697 ; 4.697 ;
; address[3] ; value[1]           ; 4.677 ; 4.677 ; 4.677 ; 4.677 ;
; address[3] ; value[2]           ; 5.217 ; 5.217 ; 5.217 ; 5.217 ;
; address[3] ; value[3]           ; 4.726 ; 4.726 ; 4.726 ; 4.726 ;
; address[3] ; value[4]           ; 5.023 ; 5.023 ; 5.023 ; 5.023 ;
; address[3] ; value[5]           ; 4.197 ; 4.197 ; 4.197 ; 4.197 ;
; address[4] ; 7_segment_floor[0] ; 6.722 ; 6.722 ; 6.722 ; 6.722 ;
; address[4] ; 7_segment_floor[1] ; 6.085 ; 6.647 ; 6.647 ; 6.085 ;
; address[4] ; 7_segment_floor[2] ; 6.646 ; 6.646 ; 6.646 ; 6.646 ;
; address[4] ; 7_segment_floor[3] ; 6.635 ; 6.635 ; 6.635 ; 6.635 ;
; address[4] ; 7_segment_floor[4] ; 6.708 ; 6.708 ; 6.708 ; 6.708 ;
; address[4] ; 7_segment_floor[5] ; 6.792 ; 6.792 ; 6.792 ; 6.792 ;
; address[4] ; 7_segment_floor[6] ; 6.665 ; 6.103 ; 6.103 ; 6.665 ;
; address[4] ; 7_segment_mod[0]   ; 8.048 ; 8.048 ; 8.048 ; 8.048 ;
; address[4] ; 7_segment_mod[1]   ; 8.118 ; 8.118 ; 8.118 ; 8.118 ;
; address[4] ; 7_segment_mod[2]   ; 8.097 ; 8.097 ; 8.097 ; 8.097 ;
; address[4] ; 7_segment_mod[3]   ; 8.166 ; 8.166 ; 8.166 ; 8.166 ;
; address[4] ; 7_segment_mod[4]   ; 8.197 ; 8.197 ; 8.197 ; 8.197 ;
; address[4] ; 7_segment_mod[5]   ; 7.971 ; 7.971 ; 7.971 ; 7.971 ;
; address[4] ; 7_segment_mod[6]   ; 8.171 ; 8.171 ; 8.171 ; 8.171 ;
; address[4] ; value[0]           ; 4.298 ; 4.860 ; 4.860 ; 4.298 ;
; address[4] ; value[1]           ; 4.279 ; 4.329 ; 4.329 ; 4.279 ;
; address[4] ; value[2]           ; 4.947 ; 4.947 ; 4.947 ; 4.947 ;
; address[4] ; value[3]           ; 4.336 ; 4.336 ; 4.336 ; 4.336 ;
; address[4] ; value[4]           ; 4.633 ; 4.633 ; 4.633 ; 4.633 ;
; address[4] ; value[5]           ; 3.981 ; 4.408 ; 4.408 ; 3.981 ;
; address[5] ; 7_segment_floor[0] ; 7.050 ; 7.050 ; 7.050 ; 7.050 ;
; address[5] ; 7_segment_floor[1] ; 6.500 ; 6.975 ; 6.975 ; 6.500 ;
; address[5] ; 7_segment_floor[2] ; 6.974 ; 6.974 ; 6.974 ; 6.974 ;
; address[5] ; 7_segment_floor[3] ; 6.963 ; 6.963 ; 6.963 ; 6.963 ;
; address[5] ; 7_segment_floor[4] ; 7.036 ; 7.036 ; 7.036 ; 7.036 ;
; address[5] ; 7_segment_floor[5] ; 7.120 ; 7.120 ; 7.120 ; 7.120 ;
; address[5] ; 7_segment_floor[6] ; 6.993 ; 6.518 ; 6.518 ; 6.993 ;
; address[5] ; 7_segment_mod[0]   ; 8.376 ; 8.376 ; 8.376 ; 8.376 ;
; address[5] ; 7_segment_mod[1]   ; 8.446 ; 8.446 ; 8.446 ; 8.446 ;
; address[5] ; 7_segment_mod[2]   ; 8.425 ; 8.425 ; 8.425 ; 8.425 ;
; address[5] ; 7_segment_mod[3]   ; 8.494 ; 8.494 ; 8.494 ; 8.494 ;
; address[5] ; 7_segment_mod[4]   ; 8.525 ; 8.525 ; 8.525 ; 8.525 ;
; address[5] ; 7_segment_mod[5]   ; 8.299 ; 8.299 ; 8.299 ; 8.299 ;
; address[5] ; 7_segment_mod[6]   ; 8.499 ; 8.499 ; 8.499 ; 8.499 ;
; address[5] ; value[0]           ; 4.713 ; 5.188 ; 5.188 ; 4.713 ;
; address[5] ; value[1]           ; 4.821 ; 4.821 ; 4.821 ; 4.821 ;
; address[5] ; value[2]           ; 5.399 ; 5.399 ; 5.399 ; 5.399 ;
; address[5] ; value[3]           ; 4.576 ; 4.576 ; 4.576 ; 4.576 ;
; address[5] ; value[4]           ; 4.992 ; 4.992 ; 4.992 ; 4.992 ;
; address[5] ; value[5]           ; 4.093 ; 4.736 ; 4.736 ; 4.093 ;
; mode_floor ; 7_segment_floor[0] ; 3.771 ; 3.771 ; 3.771 ; 3.771 ;
; mode_floor ; 7_segment_floor[1] ; 3.721 ;       ;       ; 3.721 ;
; mode_floor ; 7_segment_floor[2] ; 3.696 ; 3.696 ; 3.696 ; 3.696 ;
; mode_floor ; 7_segment_floor[3] ; 3.682 ; 3.682 ; 3.682 ; 3.682 ;
; mode_floor ; 7_segment_floor[4] ; 3.756 ; 3.756 ; 3.756 ; 3.756 ;
; mode_floor ; 7_segment_floor[5] ;       ; 3.839 ; 3.839 ;       ;
; mode_floor ; 7_segment_floor[6] ;       ; 3.714 ; 3.714 ;       ;
; mode_mod   ; 7_segment_mod[0]   ; 3.832 ; 3.701 ; 3.701 ; 3.832 ;
; mode_mod   ; 7_segment_mod[1]   ; 3.890 ; 3.890 ; 3.890 ; 3.890 ;
; mode_mod   ; 7_segment_mod[2]   ; 3.873 ; 3.873 ; 3.873 ; 3.873 ;
; mode_mod   ; 7_segment_mod[3]   ; 3.950 ; 3.950 ; 3.950 ; 3.950 ;
; mode_mod   ; 7_segment_mod[4]   ; 3.973 ; 3.973 ; 3.973 ; 3.973 ;
; mode_mod   ; 7_segment_mod[5]   ; 3.752 ; 3.752 ; 3.752 ; 3.752 ;
; mode_mod   ; 7_segment_mod[6]   ; 3.959 ; 3.959 ; 3.959 ; 3.959 ;
+------------+--------------------+-------+-------+-------+-------+


+-----------------------------------------------------------------+
; Minimum Propagation Delay                                       ;
+------------+--------------------+-------+-------+-------+-------+
; Input Port ; Output Port        ; RR    ; RF    ; FR    ; FF    ;
+------------+--------------------+-------+-------+-------+-------+
; address[0] ; 7_segment_floor[0] ; 5.107 ; 5.107 ; 5.107 ; 5.107 ;
; address[0] ; 7_segment_floor[1] ; 5.036 ; 5.036 ; 5.036 ; 5.036 ;
; address[0] ; 7_segment_floor[2] ; 5.027 ; 5.027 ; 5.027 ; 5.027 ;
; address[0] ; 7_segment_floor[3] ; 5.019 ; 5.019 ; 5.019 ; 5.019 ;
; address[0] ; 7_segment_floor[4] ; 5.092 ; 5.092 ; 5.092 ; 5.092 ;
; address[0] ; 7_segment_floor[5] ; 5.175 ; 5.175 ; 5.175 ; 5.175 ;
; address[0] ; 7_segment_floor[6] ; 5.050 ; 5.050 ; 5.050 ; 5.050 ;
; address[0] ; 7_segment_mod[0]   ; 5.401 ; 5.401 ; 5.401 ; 5.401 ;
; address[0] ; 7_segment_mod[1]   ; 5.165 ; 5.165 ; 5.165 ; 5.165 ;
; address[0] ; 7_segment_mod[2]   ; 5.480 ; 5.480 ; 5.480 ; 5.480 ;
; address[0] ; 7_segment_mod[3]   ; 5.514 ; 5.514 ; 5.514 ; 5.514 ;
; address[0] ; 7_segment_mod[4]   ; 5.535 ; 5.535 ; 5.535 ; 5.535 ;
; address[0] ; 7_segment_mod[5]   ; 5.181 ; 5.181 ; 5.181 ; 5.181 ;
; address[0] ; 7_segment_mod[6]   ; 5.571 ; 5.571 ; 5.571 ; 5.571 ;
; address[0] ; value[0]           ; 5.175 ; 5.175 ; 5.175 ; 5.175 ;
; address[0] ; value[1]           ; 5.084 ; 5.084 ; 5.084 ; 5.084 ;
; address[0] ; value[2]           ; 5.095 ; 5.095 ; 5.095 ; 5.095 ;
; address[0] ; value[3]           ; 4.789 ; 4.556 ; 4.556 ; 4.789 ;
; address[0] ; value[4]           ; 4.558 ; 4.558 ; 4.558 ; 4.558 ;
; address[0] ; value[5]           ; 5.095 ; 5.095 ; 5.095 ; 5.095 ;
; address[1] ; 7_segment_floor[0] ; 5.328 ; 5.328 ; 5.328 ; 5.328 ;
; address[1] ; 7_segment_floor[1] ; 5.253 ; 5.375 ; 5.375 ; 5.253 ;
; address[1] ; 7_segment_floor[2] ; 5.252 ; 5.252 ; 5.252 ; 5.252 ;
; address[1] ; 7_segment_floor[3] ; 5.241 ; 5.241 ; 5.241 ; 5.241 ;
; address[1] ; 7_segment_floor[4] ; 5.314 ; 5.314 ; 5.314 ; 5.314 ;
; address[1] ; 7_segment_floor[5] ; 5.398 ; 5.398 ; 5.398 ; 5.398 ;
; address[1] ; 7_segment_floor[6] ; 5.393 ; 5.271 ; 5.271 ; 5.393 ;
; address[1] ; 7_segment_mod[0]   ; 5.563 ; 5.563 ; 5.563 ; 5.563 ;
; address[1] ; 7_segment_mod[1]   ; 5.428 ; 5.428 ; 5.428 ; 5.428 ;
; address[1] ; 7_segment_mod[2]   ; 5.561 ; 5.561 ; 5.561 ; 5.561 ;
; address[1] ; 7_segment_mod[3]   ; 5.595 ; 5.595 ; 5.595 ; 5.595 ;
; address[1] ; 7_segment_mod[4]   ; 5.616 ; 5.616 ; 5.616 ; 5.616 ;
; address[1] ; 7_segment_mod[5]   ; 5.573 ; 5.573 ; 5.573 ; 5.573 ;
; address[1] ; 7_segment_mod[6]   ; 5.659 ; 5.659 ; 5.659 ; 5.659 ;
; address[1] ; value[0]           ; 5.194 ; 5.194 ; 5.194 ; 5.194 ;
; address[1] ; value[1]           ; 5.284 ; 5.284 ; 5.284 ; 5.284 ;
; address[1] ; value[2]           ; 5.121 ; 5.170 ; 5.170 ; 5.121 ;
; address[1] ; value[3]           ; 5.023 ; 5.023 ; 5.023 ; 5.023 ;
; address[1] ; value[4]           ; 4.950 ; 4.950 ; 4.950 ; 4.950 ;
; address[1] ; value[5]           ; 5.283 ; 5.283 ; 5.283 ; 5.283 ;
; address[2] ; 7_segment_floor[0] ; 4.658 ; 4.658 ; 4.658 ; 4.658 ;
; address[2] ; 7_segment_floor[1] ; 4.653 ; 4.583 ; 4.583 ; 4.653 ;
; address[2] ; 7_segment_floor[2] ; 4.582 ; 4.582 ; 4.582 ; 4.582 ;
; address[2] ; 7_segment_floor[3] ; 4.571 ; 4.571 ; 4.571 ; 4.571 ;
; address[2] ; 7_segment_floor[4] ; 4.644 ; 4.644 ; 4.644 ; 4.644 ;
; address[2] ; 7_segment_floor[5] ; 4.728 ; 4.728 ; 4.728 ; 4.728 ;
; address[2] ; 7_segment_floor[6] ; 4.601 ; 4.671 ; 4.671 ; 4.601 ;
; address[2] ; 7_segment_mod[0]   ; 4.777 ; 4.777 ; 4.777 ; 4.777 ;
; address[2] ; 7_segment_mod[1]   ; 4.642 ; 4.642 ; 4.642 ; 4.642 ;
; address[2] ; 7_segment_mod[2]   ; 4.775 ; 4.775 ; 4.775 ; 4.775 ;
; address[2] ; 7_segment_mod[3]   ; 4.809 ; 4.809 ; 4.809 ; 4.809 ;
; address[2] ; 7_segment_mod[4]   ; 4.830 ; 4.830 ; 4.830 ; 4.830 ;
; address[2] ; 7_segment_mod[5]   ; 4.823 ; 4.823 ; 4.823 ; 4.823 ;
; address[2] ; 7_segment_mod[6]   ; 4.873 ; 4.873 ; 4.873 ; 4.873 ;
; address[2] ; value[0]           ; 4.070 ; 3.863 ; 3.863 ; 4.070 ;
; address[2] ; value[1]           ; 4.624 ; 4.526 ; 4.526 ; 4.624 ;
; address[2] ; value[2]           ; 4.388 ; 4.335 ; 4.335 ; 4.388 ;
; address[2] ; value[3]           ; 4.572 ; 4.096 ; 4.096 ; 4.572 ;
; address[2] ; value[4]           ; 4.210 ; 4.259 ; 4.259 ; 4.210 ;
; address[2] ; value[5]           ; 4.686 ; 4.493 ; 4.493 ; 4.686 ;
; address[3] ; 7_segment_floor[0] ; 4.279 ; 4.279 ; 4.279 ; 4.279 ;
; address[3] ; 7_segment_floor[1] ; 4.258 ; 4.204 ; 4.204 ; 4.258 ;
; address[3] ; 7_segment_floor[2] ; 4.203 ; 4.203 ; 4.203 ; 4.203 ;
; address[3] ; 7_segment_floor[3] ; 4.192 ; 4.192 ; 4.192 ; 4.192 ;
; address[3] ; 7_segment_floor[4] ; 4.265 ; 4.265 ; 4.265 ; 4.265 ;
; address[3] ; 7_segment_floor[5] ; 4.349 ; 4.349 ; 4.349 ; 4.349 ;
; address[3] ; 7_segment_floor[6] ; 4.222 ; 4.276 ; 4.276 ; 4.222 ;
; address[3] ; 7_segment_mod[0]   ; 4.511 ; 4.511 ; 4.511 ; 4.511 ;
; address[3] ; 7_segment_mod[1]   ; 4.376 ; 4.376 ; 4.376 ; 4.376 ;
; address[3] ; 7_segment_mod[2]   ; 4.509 ; 4.509 ; 4.509 ; 4.509 ;
; address[3] ; 7_segment_mod[3]   ; 4.543 ; 4.543 ; 4.543 ; 4.543 ;
; address[3] ; 7_segment_mod[4]   ; 4.564 ; 4.564 ; 4.564 ; 4.564 ;
; address[3] ; 7_segment_mod[5]   ; 4.453 ; 4.453 ; 4.453 ; 4.453 ;
; address[3] ; 7_segment_mod[6]   ; 4.607 ; 4.607 ; 4.607 ; 4.607 ;
; address[3] ; value[0]           ; 3.836 ; 3.720 ; 3.720 ; 3.836 ;
; address[3] ; value[1]           ; 3.823 ; 4.212 ; 4.212 ; 3.823 ;
; address[3] ; value[2]           ; 4.069 ; 4.106 ; 4.106 ; 4.069 ;
; address[3] ; value[3]           ; 3.777 ; 3.717 ; 3.717 ; 3.777 ;
; address[3] ; value[4]           ; 3.830 ; 4.267 ; 4.267 ; 3.830 ;
; address[3] ; value[5]           ; 3.773 ; 3.823 ; 3.823 ; 3.773 ;
; address[4] ; 7_segment_floor[0] ; 4.243 ; 4.243 ; 4.243 ; 4.243 ;
; address[4] ; 7_segment_floor[1] ; 4.362 ; 4.172 ; 4.172 ; 4.362 ;
; address[4] ; 7_segment_floor[2] ; 4.163 ; 4.163 ; 4.163 ; 4.163 ;
; address[4] ; 7_segment_floor[3] ; 4.155 ; 4.155 ; 4.155 ; 4.155 ;
; address[4] ; 7_segment_floor[4] ; 4.228 ; 4.228 ; 4.228 ; 4.228 ;
; address[4] ; 7_segment_floor[5] ; 4.311 ; 4.311 ; 4.311 ; 4.311 ;
; address[4] ; 7_segment_floor[6] ; 4.186 ; 4.380 ; 4.380 ; 4.186 ;
; address[4] ; 7_segment_mod[0]   ; 4.537 ; 4.537 ; 4.537 ; 4.537 ;
; address[4] ; 7_segment_mod[1]   ; 4.301 ; 4.301 ; 4.301 ; 4.301 ;
; address[4] ; 7_segment_mod[2]   ; 4.537 ; 4.537 ; 4.537 ; 4.537 ;
; address[4] ; 7_segment_mod[3]   ; 4.571 ; 4.571 ; 4.571 ; 4.571 ;
; address[4] ; 7_segment_mod[4]   ; 4.592 ; 4.592 ; 4.592 ; 4.592 ;
; address[4] ; 7_segment_mod[5]   ; 4.317 ; 4.317 ; 4.317 ; 4.317 ;
; address[4] ; 7_segment_mod[6]   ; 4.635 ; 4.635 ; 4.635 ; 4.635 ;
; address[4] ; value[0]           ; 3.802 ; 3.790 ; 3.790 ; 3.802 ;
; address[4] ; value[1]           ; 4.016 ; 4.142 ; 4.142 ; 4.016 ;
; address[4] ; value[2]           ; 4.097 ; 4.204 ; 4.204 ; 4.097 ;
; address[4] ; value[3]           ; 3.952 ; 3.837 ; 3.837 ; 3.952 ;
; address[4] ; value[4]           ; 4.081 ; 3.694 ; 3.694 ; 4.081 ;
; address[4] ; value[5]           ; 3.839 ; 3.896 ; 3.896 ; 3.839 ;
; address[5] ; 7_segment_floor[0] ; 4.540 ; 4.540 ; 4.540 ; 4.540 ;
; address[5] ; 7_segment_floor[1] ; 4.766 ; 4.469 ; 4.469 ; 4.766 ;
; address[5] ; 7_segment_floor[2] ; 4.460 ; 4.460 ; 4.460 ; 4.460 ;
; address[5] ; 7_segment_floor[3] ; 4.452 ; 4.452 ; 4.452 ; 4.452 ;
; address[5] ; 7_segment_floor[4] ; 4.525 ; 4.525 ; 4.525 ; 4.525 ;
; address[5] ; 7_segment_floor[5] ; 4.608 ; 4.608 ; 4.608 ; 4.608 ;
; address[5] ; 7_segment_floor[6] ; 4.483 ; 4.778 ; 4.778 ; 4.483 ;
; address[5] ; 7_segment_mod[0]   ; 4.834 ; 4.834 ; 4.834 ; 4.834 ;
; address[5] ; 7_segment_mod[1]   ; 4.598 ; 4.598 ; 4.598 ; 4.598 ;
; address[5] ; 7_segment_mod[2]   ; 4.923 ; 4.923 ; 4.923 ; 4.923 ;
; address[5] ; 7_segment_mod[3]   ; 4.957 ; 4.957 ; 4.957 ; 4.957 ;
; address[5] ; 7_segment_mod[4]   ; 4.978 ; 4.978 ; 4.978 ; 4.978 ;
; address[5] ; 7_segment_mod[5]   ; 4.614 ; 4.614 ; 4.614 ; 4.614 ;
; address[5] ; 7_segment_mod[6]   ; 5.004 ; 5.004 ; 5.004 ; 5.004 ;
; address[5] ; value[0]           ; 4.394 ; 4.394 ; 4.394 ; 4.394 ;
; address[5] ; value[1]           ; 4.336 ; 4.336 ; 4.336 ; 4.336 ;
; address[5] ; value[2]           ; 4.917 ; 4.917 ; 4.917 ; 4.917 ;
; address[5] ; value[3]           ; 4.537 ; 4.469 ; 4.469 ; 4.537 ;
; address[5] ; value[4]           ; 4.861 ; 3.991 ; 3.991 ; 4.861 ;
; address[5] ; value[5]           ; 4.093 ; 4.093 ; 4.093 ; 4.093 ;
; mode_floor ; 7_segment_floor[0] ; 3.771 ; 3.771 ; 3.771 ; 3.771 ;
; mode_floor ; 7_segment_floor[1] ; 3.721 ;       ;       ; 3.721 ;
; mode_floor ; 7_segment_floor[2] ; 3.696 ; 3.696 ; 3.696 ; 3.696 ;
; mode_floor ; 7_segment_floor[3] ; 3.682 ; 3.682 ; 3.682 ; 3.682 ;
; mode_floor ; 7_segment_floor[4] ; 3.756 ; 3.756 ; 3.756 ; 3.756 ;
; mode_floor ; 7_segment_floor[5] ;       ; 3.839 ; 3.839 ;       ;
; mode_floor ; 7_segment_floor[6] ;       ; 3.714 ; 3.714 ;       ;
; mode_mod   ; 7_segment_mod[0]   ; 3.701 ; 3.701 ; 3.701 ; 3.701 ;
; mode_mod   ; 7_segment_mod[1]   ; 3.890 ; 3.890 ; 3.890 ; 3.890 ;
; mode_mod   ; 7_segment_mod[2]   ; 3.873 ; 3.873 ; 3.873 ; 3.873 ;
; mode_mod   ; 7_segment_mod[3]   ; 3.943 ; 3.943 ; 3.943 ; 3.943 ;
; mode_mod   ; 7_segment_mod[4]   ; 3.967 ; 3.967 ; 3.967 ; 3.967 ;
; mode_mod   ; 7_segment_mod[5]   ; 3.585 ; 3.752 ; 3.752 ; 3.585 ;
; mode_mod   ; 7_segment_mod[6]   ; 3.888 ; 3.888 ; 3.888 ; 3.888 ;
+------------+--------------------+-------+-------+-------+-------+


+--------------------------------------------------------------------------------+
; Multicorner Timing Analysis Summary                                            ;
+----------------------+-------+------+----------+---------+---------------------+
; Clock                ; Setup ; Hold ; Recovery ; Removal ; Minimum Pulse Width ;
+----------------------+-------+------+----------+---------+---------------------+
; Worst-case Slack     ; N/A   ; N/A  ; N/A      ; N/A     ; 97.531              ;
;  altera_reserved_tck ; N/A   ; N/A  ; N/A      ; N/A     ; 97.531              ;
; Design-wide TNS      ; 0.0   ; 0.0  ; 0.0      ; 0.0     ; 0.0                 ;
;  altera_reserved_tck ; N/A   ; N/A  ; N/A      ; N/A     ; 0.000               ;
+----------------------+-------+------+----------+---------+---------------------+


+---------------------------------------------------------------------+
; Progagation Delay                                                   ;
+------------+--------------------+--------+--------+--------+--------+
; Input Port ; Output Port        ; RR     ; RF     ; FR     ; FF     ;
+------------+--------------------+--------+--------+--------+--------+
; address[0] ; 7_segment_floor[0] ; 19.373 ; 19.373 ; 19.373 ; 19.373 ;
; address[0] ; 7_segment_floor[1] ; 19.263 ; 19.263 ; 19.263 ; 19.263 ;
; address[0] ; 7_segment_floor[2] ; 19.274 ; 19.274 ; 19.274 ; 19.274 ;
; address[0] ; 7_segment_floor[3] ; 19.170 ; 19.170 ; 19.170 ; 19.170 ;
; address[0] ; 7_segment_floor[4] ; 19.359 ; 19.359 ; 19.359 ; 19.359 ;
; address[0] ; 7_segment_floor[5] ; 19.530 ; 19.530 ; 19.530 ; 19.530 ;
; address[0] ; 7_segment_floor[6] ; 19.200 ; 19.200 ; 19.200 ; 19.200 ;
; address[0] ; 7_segment_mod[0]   ; 23.251 ; 23.251 ; 23.251 ; 23.251 ;
; address[0] ; 7_segment_mod[1]   ; 23.398 ; 23.398 ; 23.398 ; 23.398 ;
; address[0] ; 7_segment_mod[2]   ; 23.321 ; 23.321 ; 23.321 ; 23.321 ;
; address[0] ; 7_segment_mod[3]   ; 23.510 ; 23.510 ; 23.510 ; 23.510 ;
; address[0] ; 7_segment_mod[4]   ; 23.586 ; 23.586 ; 23.586 ; 23.586 ;
; address[0] ; 7_segment_mod[5]   ; 22.945 ; 22.945 ; 22.945 ; 22.945 ;
; address[0] ; 7_segment_mod[6]   ; 23.538 ; 23.538 ; 23.538 ; 23.538 ;
; address[0] ; value[0]           ; 14.163 ; 14.163 ; 14.163 ; 14.163 ;
; address[0] ; value[1]           ; 13.183 ; 13.006 ; 13.006 ; 13.183 ;
; address[0] ; value[2]           ; 15.047 ; 15.047 ; 15.047 ; 15.047 ;
; address[0] ; value[3]           ; 13.730 ; 13.730 ; 13.730 ; 13.730 ;
; address[0] ; value[4]           ; 13.926 ; 13.926 ; 13.926 ; 13.926 ;
; address[0] ; value[5]           ; 13.516 ; 13.516 ; 13.516 ; 13.516 ;
; address[1] ; 7_segment_floor[0] ; 20.496 ; 20.496 ; 20.496 ; 20.496 ;
; address[1] ; 7_segment_floor[1] ; 20.386 ; 20.386 ; 20.386 ; 20.386 ;
; address[1] ; 7_segment_floor[2] ; 20.397 ; 20.397 ; 20.397 ; 20.397 ;
; address[1] ; 7_segment_floor[3] ; 20.293 ; 20.293 ; 20.293 ; 20.293 ;
; address[1] ; 7_segment_floor[4] ; 20.482 ; 20.482 ; 20.482 ; 20.482 ;
; address[1] ; 7_segment_floor[5] ; 20.653 ; 20.653 ; 20.653 ; 20.653 ;
; address[1] ; 7_segment_floor[6] ; 20.323 ; 20.323 ; 20.323 ; 20.323 ;
; address[1] ; 7_segment_mod[0]   ; 24.374 ; 24.374 ; 24.374 ; 24.374 ;
; address[1] ; 7_segment_mod[1]   ; 24.521 ; 24.521 ; 24.521 ; 24.521 ;
; address[1] ; 7_segment_mod[2]   ; 24.444 ; 24.444 ; 24.444 ; 24.444 ;
; address[1] ; 7_segment_mod[3]   ; 24.633 ; 24.633 ; 24.633 ; 24.633 ;
; address[1] ; 7_segment_mod[4]   ; 24.709 ; 24.709 ; 24.709 ; 24.709 ;
; address[1] ; 7_segment_mod[5]   ; 24.068 ; 24.068 ; 24.068 ; 24.068 ;
; address[1] ; 7_segment_mod[6]   ; 24.661 ; 24.661 ; 24.661 ; 24.661 ;
; address[1] ; value[0]           ; 15.286 ; 15.286 ; 15.286 ; 15.286 ;
; address[1] ; value[1]           ; 13.593 ; 13.593 ; 13.593 ; 13.593 ;
; address[1] ; value[2]           ; 15.025 ; 15.025 ; 15.025 ; 15.025 ;
; address[1] ; value[3]           ; 14.367 ; 14.367 ; 14.367 ; 14.367 ;
; address[1] ; value[4]           ; 14.241 ; 14.241 ; 14.241 ; 14.241 ;
; address[1] ; value[5]           ; 14.476 ; 14.476 ; 14.476 ; 14.476 ;
; address[2] ; 7_segment_floor[0] ; 18.468 ; 18.468 ; 18.468 ; 18.468 ;
; address[2] ; 7_segment_floor[1] ; 18.358 ; 18.358 ; 18.358 ; 18.358 ;
; address[2] ; 7_segment_floor[2] ; 18.369 ; 18.369 ; 18.369 ; 18.369 ;
; address[2] ; 7_segment_floor[3] ; 18.265 ; 18.265 ; 18.265 ; 18.265 ;
; address[2] ; 7_segment_floor[4] ; 18.454 ; 18.454 ; 18.454 ; 18.454 ;
; address[2] ; 7_segment_floor[5] ; 18.625 ; 18.625 ; 18.625 ; 18.625 ;
; address[2] ; 7_segment_floor[6] ; 18.295 ; 18.295 ; 18.295 ; 18.295 ;
; address[2] ; 7_segment_mod[0]   ; 22.346 ; 22.346 ; 22.346 ; 22.346 ;
; address[2] ; 7_segment_mod[1]   ; 22.493 ; 22.493 ; 22.493 ; 22.493 ;
; address[2] ; 7_segment_mod[2]   ; 22.416 ; 22.416 ; 22.416 ; 22.416 ;
; address[2] ; 7_segment_mod[3]   ; 22.605 ; 22.605 ; 22.605 ; 22.605 ;
; address[2] ; 7_segment_mod[4]   ; 22.681 ; 22.681 ; 22.681 ; 22.681 ;
; address[2] ; 7_segment_mod[5]   ; 22.040 ; 22.040 ; 22.040 ; 22.040 ;
; address[2] ; 7_segment_mod[6]   ; 22.633 ; 22.633 ; 22.633 ; 22.633 ;
; address[2] ; value[0]           ; 13.258 ; 13.258 ; 13.258 ; 13.258 ;
; address[2] ; value[1]           ; 11.769 ; 11.660 ; 11.660 ; 11.769 ;
; address[2] ; value[2]           ; 13.986 ; 13.986 ; 13.986 ; 13.986 ;
; address[2] ; value[3]           ; 11.952 ; 11.800 ; 11.800 ; 11.952 ;
; address[2] ; value[4]           ; 12.569 ; 12.569 ; 12.569 ; 12.569 ;
; address[2] ; value[5]           ; 11.986 ; 11.394 ; 11.394 ; 11.986 ;
; address[3] ; 7_segment_floor[0] ; 15.950 ; 15.950 ; 15.950 ; 15.950 ;
; address[3] ; 7_segment_floor[1] ; 15.840 ; 15.840 ; 15.840 ; 15.840 ;
; address[3] ; 7_segment_floor[2] ; 15.851 ; 15.851 ; 15.851 ; 15.851 ;
; address[3] ; 7_segment_floor[3] ; 15.747 ; 15.747 ; 15.747 ; 15.747 ;
; address[3] ; 7_segment_floor[4] ; 15.936 ; 15.936 ; 15.936 ; 15.936 ;
; address[3] ; 7_segment_floor[5] ; 16.107 ; 16.107 ; 16.107 ; 16.107 ;
; address[3] ; 7_segment_floor[6] ; 15.777 ; 15.777 ; 15.777 ; 15.777 ;
; address[3] ; 7_segment_mod[0]   ; 19.828 ; 19.828 ; 19.828 ; 19.828 ;
; address[3] ; 7_segment_mod[1]   ; 19.975 ; 19.975 ; 19.975 ; 19.975 ;
; address[3] ; 7_segment_mod[2]   ; 19.898 ; 19.898 ; 19.898 ; 19.898 ;
; address[3] ; 7_segment_mod[3]   ; 20.087 ; 20.087 ; 20.087 ; 20.087 ;
; address[3] ; 7_segment_mod[4]   ; 20.163 ; 20.163 ; 20.163 ; 20.163 ;
; address[3] ; 7_segment_mod[5]   ; 19.522 ; 19.522 ; 19.522 ; 19.522 ;
; address[3] ; 7_segment_mod[6]   ; 20.115 ; 20.115 ; 20.115 ; 20.115 ;
; address[3] ; value[0]           ; 10.740 ; 10.740 ; 10.740 ; 10.740 ;
; address[3] ; value[1]           ; 10.750 ; 10.753 ; 10.753 ; 10.750 ;
; address[3] ; value[2]           ; 12.065 ; 12.065 ; 12.065 ; 12.065 ;
; address[3] ; value[3]           ; 10.890 ; 10.890 ; 10.890 ; 10.890 ;
; address[3] ; value[4]           ; 11.659 ; 11.659 ; 11.659 ; 11.659 ;
; address[3] ; value[5]           ; 9.577  ; 9.577  ; 9.577  ; 9.577  ;
; address[4] ; 7_segment_floor[0] ; 16.373 ; 16.373 ; 16.373 ; 16.373 ;
; address[4] ; 7_segment_floor[1] ; 14.754 ; 16.263 ; 16.263 ; 14.754 ;
; address[4] ; 7_segment_floor[2] ; 16.274 ; 16.274 ; 16.274 ; 16.274 ;
; address[4] ; 7_segment_floor[3] ; 16.170 ; 16.170 ; 16.170 ; 16.170 ;
; address[4] ; 7_segment_floor[4] ; 16.359 ; 16.359 ; 16.359 ; 16.359 ;
; address[4] ; 7_segment_floor[5] ; 16.530 ; 16.530 ; 16.530 ; 16.530 ;
; address[4] ; 7_segment_floor[6] ; 16.200 ; 14.691 ; 14.691 ; 16.200 ;
; address[4] ; 7_segment_mod[0]   ; 20.251 ; 20.251 ; 20.251 ; 20.251 ;
; address[4] ; 7_segment_mod[1]   ; 20.398 ; 20.398 ; 20.398 ; 20.398 ;
; address[4] ; 7_segment_mod[2]   ; 20.321 ; 20.321 ; 20.321 ; 20.321 ;
; address[4] ; 7_segment_mod[3]   ; 20.510 ; 20.510 ; 20.510 ; 20.510 ;
; address[4] ; 7_segment_mod[4]   ; 20.586 ; 20.586 ; 20.586 ; 20.586 ;
; address[4] ; 7_segment_mod[5]   ; 19.945 ; 19.945 ; 19.945 ; 19.945 ;
; address[4] ; 7_segment_mod[6]   ; 20.538 ; 20.538 ; 20.538 ; 20.538 ;
; address[4] ; value[0]           ; 9.654  ; 11.163 ; 11.163 ; 9.654  ;
; address[4] ; value[1]           ; 9.665  ; 9.769  ; 9.769  ; 9.665  ;
; address[4] ; value[2]           ; 11.365 ; 11.365 ; 11.365 ; 11.365 ;
; address[4] ; value[3]           ; 9.908  ; 9.908  ; 9.908  ; 9.908  ;
; address[4] ; value[4]           ; 10.678 ; 10.678 ; 10.678 ; 10.678 ;
; address[4] ; value[5]           ; 9.044  ; 10.187 ; 10.187 ; 9.044  ;
; address[5] ; 7_segment_floor[0] ; 17.197 ; 17.197 ; 17.197 ; 17.197 ;
; address[5] ; 7_segment_floor[1] ; 15.755 ; 17.087 ; 17.087 ; 15.755 ;
; address[5] ; 7_segment_floor[2] ; 17.098 ; 17.098 ; 17.098 ; 17.098 ;
; address[5] ; 7_segment_floor[3] ; 16.994 ; 16.994 ; 16.994 ; 16.994 ;
; address[5] ; 7_segment_floor[4] ; 17.183 ; 17.183 ; 17.183 ; 17.183 ;
; address[5] ; 7_segment_floor[5] ; 17.354 ; 17.354 ; 17.354 ; 17.354 ;
; address[5] ; 7_segment_floor[6] ; 17.024 ; 15.692 ; 15.692 ; 17.024 ;
; address[5] ; 7_segment_mod[0]   ; 21.075 ; 21.075 ; 21.075 ; 21.075 ;
; address[5] ; 7_segment_mod[1]   ; 21.222 ; 21.222 ; 21.222 ; 21.222 ;
; address[5] ; 7_segment_mod[2]   ; 21.145 ; 21.145 ; 21.145 ; 21.145 ;
; address[5] ; 7_segment_mod[3]   ; 21.334 ; 21.334 ; 21.334 ; 21.334 ;
; address[5] ; 7_segment_mod[4]   ; 21.410 ; 21.410 ; 21.410 ; 21.410 ;
; address[5] ; 7_segment_mod[5]   ; 20.769 ; 20.769 ; 20.769 ; 20.769 ;
; address[5] ; 7_segment_mod[6]   ; 21.362 ; 21.362 ; 21.362 ; 21.362 ;
; address[5] ; value[0]           ; 10.655 ; 11.987 ; 11.987 ; 10.655 ;
; address[5] ; value[1]           ; 11.021 ; 11.021 ; 11.021 ; 11.021 ;
; address[5] ; value[2]           ; 12.428 ; 12.428 ; 12.428 ; 12.428 ;
; address[5] ; value[3]           ; 10.434 ; 10.434 ; 10.434 ; 10.434 ;
; address[5] ; value[4]           ; 11.550 ; 11.550 ; 11.550 ; 11.550 ;
; address[5] ; value[5]           ; 9.337  ; 11.011 ; 11.011 ; 9.337  ;
; mode_floor ; 7_segment_floor[0] ; 8.221  ; 8.221  ; 8.221  ; 8.221  ;
; mode_floor ; 7_segment_floor[1] ; 8.110  ;        ;        ; 8.110  ;
; mode_floor ; 7_segment_floor[2] ; 8.124  ; 8.124  ; 8.124  ; 8.124  ;
; mode_floor ; 7_segment_floor[3] ; 8.016  ; 8.016  ; 8.016  ; 8.016  ;
; mode_floor ; 7_segment_floor[4] ; 8.206  ; 8.206  ; 8.206  ; 8.206  ;
; mode_floor ; 7_segment_floor[5] ;        ; 8.377  ; 8.377  ;        ;
; mode_floor ; 7_segment_floor[6] ;        ; 8.047  ; 8.047  ;        ;
; mode_mod   ; 7_segment_mod[0]   ; 8.532  ; 8.175  ; 8.175  ; 8.532  ;
; mode_mod   ; 7_segment_mod[1]   ; 8.576  ; 8.576  ; 8.576  ; 8.576  ;
; mode_mod   ; 7_segment_mod[2]   ; 8.598  ; 8.598  ; 8.598  ; 8.598  ;
; mode_mod   ; 7_segment_mod[3]   ; 8.797  ; 8.797  ; 8.797  ; 8.797  ;
; mode_mod   ; 7_segment_mod[4]   ; 8.864  ; 8.864  ; 8.864  ; 8.864  ;
; mode_mod   ; 7_segment_mod[5]   ; 8.227  ; 8.227  ; 8.227  ; 8.227  ;
; mode_mod   ; 7_segment_mod[6]   ; 8.819  ; 8.819  ; 8.819  ; 8.819  ;
+------------+--------------------+--------+--------+--------+--------+


+-----------------------------------------------------------------+
; Minimum Progagation Delay                                       ;
+------------+--------------------+-------+-------+-------+-------+
; Input Port ; Output Port        ; RR    ; RF    ; FR    ; FF    ;
+------------+--------------------+-------+-------+-------+-------+
; address[0] ; 7_segment_floor[0] ; 5.107 ; 5.107 ; 5.107 ; 5.107 ;
; address[0] ; 7_segment_floor[1] ; 5.036 ; 5.036 ; 5.036 ; 5.036 ;
; address[0] ; 7_segment_floor[2] ; 5.027 ; 5.027 ; 5.027 ; 5.027 ;
; address[0] ; 7_segment_floor[3] ; 5.019 ; 5.019 ; 5.019 ; 5.019 ;
; address[0] ; 7_segment_floor[4] ; 5.092 ; 5.092 ; 5.092 ; 5.092 ;
; address[0] ; 7_segment_floor[5] ; 5.175 ; 5.175 ; 5.175 ; 5.175 ;
; address[0] ; 7_segment_floor[6] ; 5.050 ; 5.050 ; 5.050 ; 5.050 ;
; address[0] ; 7_segment_mod[0]   ; 5.401 ; 5.401 ; 5.401 ; 5.401 ;
; address[0] ; 7_segment_mod[1]   ; 5.165 ; 5.165 ; 5.165 ; 5.165 ;
; address[0] ; 7_segment_mod[2]   ; 5.480 ; 5.480 ; 5.480 ; 5.480 ;
; address[0] ; 7_segment_mod[3]   ; 5.514 ; 5.514 ; 5.514 ; 5.514 ;
; address[0] ; 7_segment_mod[4]   ; 5.535 ; 5.535 ; 5.535 ; 5.535 ;
; address[0] ; 7_segment_mod[5]   ; 5.181 ; 5.181 ; 5.181 ; 5.181 ;
; address[0] ; 7_segment_mod[6]   ; 5.571 ; 5.571 ; 5.571 ; 5.571 ;
; address[0] ; value[0]           ; 5.175 ; 5.175 ; 5.175 ; 5.175 ;
; address[0] ; value[1]           ; 5.084 ; 5.084 ; 5.084 ; 5.084 ;
; address[0] ; value[2]           ; 5.095 ; 5.095 ; 5.095 ; 5.095 ;
; address[0] ; value[3]           ; 4.789 ; 4.556 ; 4.556 ; 4.789 ;
; address[0] ; value[4]           ; 4.558 ; 4.558 ; 4.558 ; 4.558 ;
; address[0] ; value[5]           ; 5.095 ; 5.095 ; 5.095 ; 5.095 ;
; address[1] ; 7_segment_floor[0] ; 5.328 ; 5.328 ; 5.328 ; 5.328 ;
; address[1] ; 7_segment_floor[1] ; 5.253 ; 5.375 ; 5.375 ; 5.253 ;
; address[1] ; 7_segment_floor[2] ; 5.252 ; 5.252 ; 5.252 ; 5.252 ;
; address[1] ; 7_segment_floor[3] ; 5.241 ; 5.241 ; 5.241 ; 5.241 ;
; address[1] ; 7_segment_floor[4] ; 5.314 ; 5.314 ; 5.314 ; 5.314 ;
; address[1] ; 7_segment_floor[5] ; 5.398 ; 5.398 ; 5.398 ; 5.398 ;
; address[1] ; 7_segment_floor[6] ; 5.393 ; 5.271 ; 5.271 ; 5.393 ;
; address[1] ; 7_segment_mod[0]   ; 5.563 ; 5.563 ; 5.563 ; 5.563 ;
; address[1] ; 7_segment_mod[1]   ; 5.428 ; 5.428 ; 5.428 ; 5.428 ;
; address[1] ; 7_segment_mod[2]   ; 5.561 ; 5.561 ; 5.561 ; 5.561 ;
; address[1] ; 7_segment_mod[3]   ; 5.595 ; 5.595 ; 5.595 ; 5.595 ;
; address[1] ; 7_segment_mod[4]   ; 5.616 ; 5.616 ; 5.616 ; 5.616 ;
; address[1] ; 7_segment_mod[5]   ; 5.573 ; 5.573 ; 5.573 ; 5.573 ;
; address[1] ; 7_segment_mod[6]   ; 5.659 ; 5.659 ; 5.659 ; 5.659 ;
; address[1] ; value[0]           ; 5.194 ; 5.194 ; 5.194 ; 5.194 ;
; address[1] ; value[1]           ; 5.284 ; 5.284 ; 5.284 ; 5.284 ;
; address[1] ; value[2]           ; 5.121 ; 5.170 ; 5.170 ; 5.121 ;
; address[1] ; value[3]           ; 5.023 ; 5.023 ; 5.023 ; 5.023 ;
; address[1] ; value[4]           ; 4.950 ; 4.950 ; 4.950 ; 4.950 ;
; address[1] ; value[5]           ; 5.283 ; 5.283 ; 5.283 ; 5.283 ;
; address[2] ; 7_segment_floor[0] ; 4.658 ; 4.658 ; 4.658 ; 4.658 ;
; address[2] ; 7_segment_floor[1] ; 4.653 ; 4.583 ; 4.583 ; 4.653 ;
; address[2] ; 7_segment_floor[2] ; 4.582 ; 4.582 ; 4.582 ; 4.582 ;
; address[2] ; 7_segment_floor[3] ; 4.571 ; 4.571 ; 4.571 ; 4.571 ;
; address[2] ; 7_segment_floor[4] ; 4.644 ; 4.644 ; 4.644 ; 4.644 ;
; address[2] ; 7_segment_floor[5] ; 4.728 ; 4.728 ; 4.728 ; 4.728 ;
; address[2] ; 7_segment_floor[6] ; 4.601 ; 4.671 ; 4.671 ; 4.601 ;
; address[2] ; 7_segment_mod[0]   ; 4.777 ; 4.777 ; 4.777 ; 4.777 ;
; address[2] ; 7_segment_mod[1]   ; 4.642 ; 4.642 ; 4.642 ; 4.642 ;
; address[2] ; 7_segment_mod[2]   ; 4.775 ; 4.775 ; 4.775 ; 4.775 ;
; address[2] ; 7_segment_mod[3]   ; 4.809 ; 4.809 ; 4.809 ; 4.809 ;
; address[2] ; 7_segment_mod[4]   ; 4.830 ; 4.830 ; 4.830 ; 4.830 ;
; address[2] ; 7_segment_mod[5]   ; 4.823 ; 4.823 ; 4.823 ; 4.823 ;
; address[2] ; 7_segment_mod[6]   ; 4.873 ; 4.873 ; 4.873 ; 4.873 ;
; address[2] ; value[0]           ; 4.070 ; 3.863 ; 3.863 ; 4.070 ;
; address[2] ; value[1]           ; 4.624 ; 4.526 ; 4.526 ; 4.624 ;
; address[2] ; value[2]           ; 4.388 ; 4.335 ; 4.335 ; 4.388 ;
; address[2] ; value[3]           ; 4.572 ; 4.096 ; 4.096 ; 4.572 ;
; address[2] ; value[4]           ; 4.210 ; 4.259 ; 4.259 ; 4.210 ;
; address[2] ; value[5]           ; 4.686 ; 4.493 ; 4.493 ; 4.686 ;
; address[3] ; 7_segment_floor[0] ; 4.279 ; 4.279 ; 4.279 ; 4.279 ;
; address[3] ; 7_segment_floor[1] ; 4.258 ; 4.204 ; 4.204 ; 4.258 ;
; address[3] ; 7_segment_floor[2] ; 4.203 ; 4.203 ; 4.203 ; 4.203 ;
; address[3] ; 7_segment_floor[3] ; 4.192 ; 4.192 ; 4.192 ; 4.192 ;
; address[3] ; 7_segment_floor[4] ; 4.265 ; 4.265 ; 4.265 ; 4.265 ;
; address[3] ; 7_segment_floor[5] ; 4.349 ; 4.349 ; 4.349 ; 4.349 ;
; address[3] ; 7_segment_floor[6] ; 4.222 ; 4.276 ; 4.276 ; 4.222 ;
; address[3] ; 7_segment_mod[0]   ; 4.511 ; 4.511 ; 4.511 ; 4.511 ;
; address[3] ; 7_segment_mod[1]   ; 4.376 ; 4.376 ; 4.376 ; 4.376 ;
; address[3] ; 7_segment_mod[2]   ; 4.509 ; 4.509 ; 4.509 ; 4.509 ;
; address[3] ; 7_segment_mod[3]   ; 4.543 ; 4.543 ; 4.543 ; 4.543 ;
; address[3] ; 7_segment_mod[4]   ; 4.564 ; 4.564 ; 4.564 ; 4.564 ;
; address[3] ; 7_segment_mod[5]   ; 4.453 ; 4.453 ; 4.453 ; 4.453 ;
; address[3] ; 7_segment_mod[6]   ; 4.607 ; 4.607 ; 4.607 ; 4.607 ;
; address[3] ; value[0]           ; 3.836 ; 3.720 ; 3.720 ; 3.836 ;
; address[3] ; value[1]           ; 3.823 ; 4.212 ; 4.212 ; 3.823 ;
; address[3] ; value[2]           ; 4.069 ; 4.106 ; 4.106 ; 4.069 ;
; address[3] ; value[3]           ; 3.777 ; 3.717 ; 3.717 ; 3.777 ;
; address[3] ; value[4]           ; 3.830 ; 4.267 ; 4.267 ; 3.830 ;
; address[3] ; value[5]           ; 3.773 ; 3.823 ; 3.823 ; 3.773 ;
; address[4] ; 7_segment_floor[0] ; 4.243 ; 4.243 ; 4.243 ; 4.243 ;
; address[4] ; 7_segment_floor[1] ; 4.362 ; 4.172 ; 4.172 ; 4.362 ;
; address[4] ; 7_segment_floor[2] ; 4.163 ; 4.163 ; 4.163 ; 4.163 ;
; address[4] ; 7_segment_floor[3] ; 4.155 ; 4.155 ; 4.155 ; 4.155 ;
; address[4] ; 7_segment_floor[4] ; 4.228 ; 4.228 ; 4.228 ; 4.228 ;
; address[4] ; 7_segment_floor[5] ; 4.311 ; 4.311 ; 4.311 ; 4.311 ;
; address[4] ; 7_segment_floor[6] ; 4.186 ; 4.380 ; 4.380 ; 4.186 ;
; address[4] ; 7_segment_mod[0]   ; 4.537 ; 4.537 ; 4.537 ; 4.537 ;
; address[4] ; 7_segment_mod[1]   ; 4.301 ; 4.301 ; 4.301 ; 4.301 ;
; address[4] ; 7_segment_mod[2]   ; 4.537 ; 4.537 ; 4.537 ; 4.537 ;
; address[4] ; 7_segment_mod[3]   ; 4.571 ; 4.571 ; 4.571 ; 4.571 ;
; address[4] ; 7_segment_mod[4]   ; 4.592 ; 4.592 ; 4.592 ; 4.592 ;
; address[4] ; 7_segment_mod[5]   ; 4.317 ; 4.317 ; 4.317 ; 4.317 ;
; address[4] ; 7_segment_mod[6]   ; 4.635 ; 4.635 ; 4.635 ; 4.635 ;
; address[4] ; value[0]           ; 3.802 ; 3.790 ; 3.790 ; 3.802 ;
; address[4] ; value[1]           ; 4.016 ; 4.142 ; 4.142 ; 4.016 ;
; address[4] ; value[2]           ; 4.097 ; 4.204 ; 4.204 ; 4.097 ;
; address[4] ; value[3]           ; 3.952 ; 3.837 ; 3.837 ; 3.952 ;
; address[4] ; value[4]           ; 4.081 ; 3.694 ; 3.694 ; 4.081 ;
; address[4] ; value[5]           ; 3.839 ; 3.896 ; 3.896 ; 3.839 ;
; address[5] ; 7_segment_floor[0] ; 4.540 ; 4.540 ; 4.540 ; 4.540 ;
; address[5] ; 7_segment_floor[1] ; 4.766 ; 4.469 ; 4.469 ; 4.766 ;
; address[5] ; 7_segment_floor[2] ; 4.460 ; 4.460 ; 4.460 ; 4.460 ;
; address[5] ; 7_segment_floor[3] ; 4.452 ; 4.452 ; 4.452 ; 4.452 ;
; address[5] ; 7_segment_floor[4] ; 4.525 ; 4.525 ; 4.525 ; 4.525 ;
; address[5] ; 7_segment_floor[5] ; 4.608 ; 4.608 ; 4.608 ; 4.608 ;
; address[5] ; 7_segment_floor[6] ; 4.483 ; 4.778 ; 4.778 ; 4.483 ;
; address[5] ; 7_segment_mod[0]   ; 4.834 ; 4.834 ; 4.834 ; 4.834 ;
; address[5] ; 7_segment_mod[1]   ; 4.598 ; 4.598 ; 4.598 ; 4.598 ;
; address[5] ; 7_segment_mod[2]   ; 4.923 ; 4.923 ; 4.923 ; 4.923 ;
; address[5] ; 7_segment_mod[3]   ; 4.957 ; 4.957 ; 4.957 ; 4.957 ;
; address[5] ; 7_segment_mod[4]   ; 4.978 ; 4.978 ; 4.978 ; 4.978 ;
; address[5] ; 7_segment_mod[5]   ; 4.614 ; 4.614 ; 4.614 ; 4.614 ;
; address[5] ; 7_segment_mod[6]   ; 5.004 ; 5.004 ; 5.004 ; 5.004 ;
; address[5] ; value[0]           ; 4.394 ; 4.394 ; 4.394 ; 4.394 ;
; address[5] ; value[1]           ; 4.336 ; 4.336 ; 4.336 ; 4.336 ;
; address[5] ; value[2]           ; 4.917 ; 4.917 ; 4.917 ; 4.917 ;
; address[5] ; value[3]           ; 4.537 ; 4.469 ; 4.469 ; 4.537 ;
; address[5] ; value[4]           ; 4.861 ; 3.991 ; 3.991 ; 4.861 ;
; address[5] ; value[5]           ; 4.093 ; 4.093 ; 4.093 ; 4.093 ;
; mode_floor ; 7_segment_floor[0] ; 3.771 ; 3.771 ; 3.771 ; 3.771 ;
; mode_floor ; 7_segment_floor[1] ; 3.721 ;       ;       ; 3.721 ;
; mode_floor ; 7_segment_floor[2] ; 3.696 ; 3.696 ; 3.696 ; 3.696 ;
; mode_floor ; 7_segment_floor[3] ; 3.682 ; 3.682 ; 3.682 ; 3.682 ;
; mode_floor ; 7_segment_floor[4] ; 3.756 ; 3.756 ; 3.756 ; 3.756 ;
; mode_floor ; 7_segment_floor[5] ;       ; 3.839 ; 3.839 ;       ;
; mode_floor ; 7_segment_floor[6] ;       ; 3.714 ; 3.714 ;       ;
; mode_mod   ; 7_segment_mod[0]   ; 3.701 ; 3.701 ; 3.701 ; 3.701 ;
; mode_mod   ; 7_segment_mod[1]   ; 3.890 ; 3.890 ; 3.890 ; 3.890 ;
; mode_mod   ; 7_segment_mod[2]   ; 3.873 ; 3.873 ; 3.873 ; 3.873 ;
; mode_mod   ; 7_segment_mod[3]   ; 3.943 ; 3.943 ; 3.943 ; 3.943 ;
; mode_mod   ; 7_segment_mod[4]   ; 3.967 ; 3.967 ; 3.967 ; 3.967 ;
; mode_mod   ; 7_segment_mod[5]   ; 3.585 ; 3.752 ; 3.752 ; 3.585 ;
; mode_mod   ; 7_segment_mod[6]   ; 3.888 ; 3.888 ; 3.888 ; 3.888 ;
+------------+--------------------+-------+-------+-------+-------+


-------------------
; Clock Transfers ;
-------------------
Nothing to report.


---------------
; Report TCCS ;
---------------
No dedicated SERDES Transmitter circuitry present in device or used in design


---------------
; Report RSKM ;
---------------
No dedicated SERDES Receiver circuitry present in device or used in design


+------------------------------------------------+
; Unconstrained Paths                            ;
+---------------------------------+-------+------+
; Property                        ; Setup ; Hold ;
+---------------------------------+-------+------+
; Illegal Clocks                  ; 0     ; 0    ;
; Unconstrained Clocks            ; 1     ; 1    ;
; Unconstrained Input Ports       ; 13    ; 13   ;
; Unconstrained Input Port Paths  ; 968   ; 968  ;
; Unconstrained Output Ports      ; 28    ; 28   ;
; Unconstrained Output Port Paths ; 4832  ; 4832 ;
+---------------------------------+-------+------+


+------------------------------------+
; TimeQuest Timing Analyzer Messages ;
+------------------------------------+
Info: *******************************************************************
Info: Running Quartus II 64-Bit TimeQuest Timing Analyzer
    Info: Version 13.0.1 Build 232 06/12/2013 Service Pack 1 SJ Web Edition
    Info: Processing started: Wed Nov 01 20:30:37 2017
Info: Command: quartus_sta g03_lab3 -c g03_lab3
Info: qsta_default_script.tcl version: #1
Info (11104): Parallel Compilation has detected 4 hyper-threaded processors. However, the extra hyper-threaded processors will not be used by default. Parallel Compilation will use 2 of the 2 physical processors detected instead.
Info (21077): Low junction temperature is 0 degrees C
Info (21077): High junction temperature is 85 degrees C
Info (332164): Evaluating HDL-embedded SDC commands
    Info (332165): Entity sld_jtag_hub
        Info (332166): create_clock -name altera_reserved_tck [get_ports {altera_reserved_tck}] -period 10MHz   
        Info (332166): set_clock_groups -asynchronous -group {altera_reserved_tck}
Critical Warning (332012): Synopsys Design Constraints File file not found: 'g03_lab3.sdc'. A Synopsys Design Constraints File is required by the TimeQuest Timing Analyzer to get proper timing constraints. Without it, the Compiler will not properly optimize the design.
Warning (332060): Node: clock was determined to be a clock but was found without an associated clock assignment.
Info: Found TIMEQUEST_REPORT_SCRIPT_INCLUDE_DEFAULT_ANALYSIS = ON
Info: Analyzing Slow Model
Info (332140): No fmax paths to report
Info (332140): No Setup paths to report
Info (332140): No Hold paths to report
Info (332140): No Recovery paths to report
Info (332140): No Removal paths to report
Info (332146): Worst-case minimum pulse width slack is 97.531
    Info (332119):     Slack End Point TNS Clock 
    Info (332119): ========= ============= =====================
    Info (332119):    97.531         0.000 altera_reserved_tck 
Info (332001): The selected device family is not supported by the report_metastability command.
Info: Analyzing Fast Model
Warning (332060): Node: clock was determined to be a clock but was found without an associated clock assignment.
Info (332140): No Setup paths to report
Info (332140): No Hold paths to report
Info (332140): No Recovery paths to report
Info (332140): No Removal paths to report
Info (332146): Worst-case minimum pulse width slack is 97.778
    Info (332119):     Slack End Point TNS Clock 
    Info (332119): ========= ============= =====================
    Info (332119):    97.778         0.000 altera_reserved_tck 
Info (332001): The selected device family is not supported by the report_metastability command.
Info (332102): Design is not fully constrained for setup requirements
Info (332102): Design is not fully constrained for hold requirements
Info: Quartus II 64-Bit TimeQuest Timing Analyzer was successful. 0 errors, 3 warnings
    Info: Peak virtual memory: 527 megabytes
    Info: Processing ended: Wed Nov 01 20:30:39 2017
    Info: Elapsed time: 00:00:02
    Info: Total CPU time (on all processors): 00:00:01


